{"/home/travis/build/npmtest/node-npmtest-sc5-styleguide/test.js":{"path":"/home/travis/build/npmtest/node-npmtest-sc5-styleguide/test.js","s":{"1":2,"2":2,"3":2,"4":2,"5":2,"6":2,"7":2,"8":1,"9":2,"10":2,"11":1,"12":1,"13":1,"14":1,"15":2,"16":2,"17":2,"18":2,"19":1,"20":1,"21":2,"22":2,"23":2,"24":1,"25":1,"26":1,"27":1,"28":1,"29":1,"30":1,"31":1,"32":1,"33":1,"34":1,"35":1,"36":1,"37":2,"38":2,"39":1,"40":2,"41":2,"42":1,"43":2,"44":2,"45":1,"46":2,"47":2,"48":1,"49":1,"50":1,"51":1,"52":1},"b":{"1":[2,1,1,1],"2":[1,1,1,1],"3":[1,1],"4":[1,1],"5":[1,1],"6":[1,1],"7":[1,1],"8":[1,1],"9":[1,1,1],"10":[1,1],"11":[1,1],"12":[1,1],"13":[1,1],"14":[1,1],"15":[1,1],"16":[1,1]},"f":{"1":2,"2":2,"3":2,"4":2,"5":2,"6":1,"7":1,"8":2,"9":2,"10":2,"11":2,"12":1},"fnMap":{"1":{"name":"(anonymous_1)","line":12,"loc":{"start":{"line":12,"column":1},"end":{"line":12,"column":13}}},"2":{"name":"(anonymous_2)","line":19,"loc":{"start":{"line":19,"column":5},"end":{"line":19,"column":17}}},"3":{"name":"(anonymous_3)","line":23,"loc":{"start":{"line":23,"column":24},"end":{"line":23,"column":36}}},"4":{"name":"(anonymous_4)","line":61,"loc":{"start":{"line":61,"column":5},"end":{"line":61,"column":17}}},"5":{"name":"(anonymous_5)","line":82,"loc":{"start":{"line":82,"column":5},"end":{"line":82,"column":17}}},"6":{"name":"(anonymous_6)","line":102,"loc":{"start":{"line":102,"column":83},"end":{"line":105,"column":10}},"skip":true},"7":{"name":"(anonymous_7)","line":113,"loc":{"start":{"line":113,"column":77},"end":{"line":116,"column":10}},"skip":true},"8":{"name":"(anonymous_8)","line":129,"loc":{"start":{"line":129,"column":12},"end":{"line":129,"column":40}},"skip":true},"9":{"name":"(anonymous_9)","line":137,"loc":{"start":{"line":137,"column":77},"end":{"line":140,"column":10}},"skip":true},"10":{"name":"(anonymous_10)","line":148,"loc":{"start":{"line":148,"column":83},"end":{"line":151,"column":10}},"skip":true},"11":{"name":"(anonymous_11)","line":159,"loc":{"start":{"line":159,"column":79},"end":{"line":162,"column":10}},"skip":true},"12":{"name":"(anonymous_12)","line":170,"loc":{"start":{"line":170,"column":75},"end":{"line":173,"column":10}},"skip":true}},"statementMap":{"1":{"start":{"line":12,"column":0},"end":{"line":185,"column":5}},"2":{"start":{"line":14,"column":4},"end":{"line":14,"column":14}},"3":{"start":{"line":19,"column":4},"end":{"line":56,"column":9}},"4":{"start":{"line":21,"column":8},"end":{"line":21,"column":19}},"5":{"start":{"line":23,"column":8},"end":{"line":35,"column":13}},"6":{"start":{"line":24,"column":12},"end":{"line":34,"column":13}},"7":{"start":{"line":25,"column":16},"end":{"line":28,"column":30}},"8":{"start":{"line":30,"column":16},"end":{"line":33,"column":27}},"9":{"start":{"line":37,"column":8},"end":{"line":39,"column":21}},"10":{"start":{"line":40,"column":8},"end":{"line":53,"column":9}},"11":{"start":{"line":43,"column":12},"end":{"line":46,"column":14}},"12":{"start":{"line":47,"column":12},"end":{"line":47,"column":18}},"13":{"start":{"line":50,"column":12},"end":{"line":51,"column":46}},"14":{"start":{"line":52,"column":12},"end":{"line":52,"column":18}},"15":{"start":{"line":55,"column":8},"end":{"line":55,"column":35}},"16":{"start":{"line":61,"column":4},"end":{"line":63,"column":9}},"17":{"start":{"line":62,"column":8},"end":{"line":62,"column":15}},"18":{"start":{"line":64,"column":4},"end":{"line":77,"column":5}},"19":{"start":{"line":70,"column":8},"end":{"line":70,"column":14}},"20":{"start":{"line":76,"column":8},"end":{"line":76,"column":14}},"21":{"start":{"line":82,"column":4},"end":{"line":84,"column":9}},"22":{"start":{"line":83,"column":8},"end":{"line":83,"column":15}},"23":{"start":{"line":85,"column":4},"end":{"line":184,"column":5}},"24":{"start":{"line":92,"column":8},"end":{"line":94,"column":63}},"25":{"start":{"line":95,"column":8},"end":{"line":95,"column":14}},"26":{"start":{"line":102,"column":8},"end":{"line":111,"column":10},"skip":true},"27":{"start":{"line":109,"column":12},"end":{"line":109,"column":55},"skip":true},"28":{"start":{"line":110,"column":12},"end":{"line":110,"column":48},"skip":true},"29":{"start":{"line":113,"column":8},"end":{"line":126,"column":10},"skip":true},"30":{"start":{"line":120,"column":12},"end":{"line":120,"column":76},"skip":true},"31":{"start":{"line":121,"column":12},"end":{"line":121,"column":73},"skip":true},"32":{"start":{"line":122,"column":12},"end":{"line":122,"column":74},"skip":true},"33":{"start":{"line":123,"column":12},"end":{"line":123,"column":79},"skip":true},"34":{"start":{"line":124,"column":12},"end":{"line":124,"column":25},"skip":true},"35":{"start":{"line":125,"column":12},"end":{"line":125,"column":45},"skip":true},"36":{"start":{"line":128,"column":8},"end":{"line":135,"column":14},"skip":true},"37":{"start":{"line":133,"column":16},"end":{"line":133,"column":29},"skip":true},"38":{"start":{"line":134,"column":16},"end":{"line":134,"column":55},"skip":true},"39":{"start":{"line":137,"column":8},"end":{"line":146,"column":10},"skip":true},"40":{"start":{"line":144,"column":12},"end":{"line":144,"column":25},"skip":true},"41":{"start":{"line":145,"column":12},"end":{"line":145,"column":45},"skip":true},"42":{"start":{"line":148,"column":8},"end":{"line":157,"column":10},"skip":true},"43":{"start":{"line":155,"column":12},"end":{"line":155,"column":25},"skip":true},"44":{"start":{"line":156,"column":12},"end":{"line":156,"column":48},"skip":true},"45":{"start":{"line":159,"column":8},"end":{"line":168,"column":10},"skip":true},"46":{"start":{"line":166,"column":12},"end":{"line":166,"column":25},"skip":true},"47":{"start":{"line":167,"column":12},"end":{"line":167,"column":46},"skip":true},"48":{"start":{"line":170,"column":8},"end":{"line":179,"column":10},"skip":true},"49":{"start":{"line":177,"column":12},"end":{"line":177,"column":94},"skip":true},"50":{"start":{"line":178,"column":12},"end":{"line":178,"column":48},"skip":true},"51":{"start":{"line":182,"column":8},"end":{"line":182,"column":35},"skip":true},"52":{"start":{"line":183,"column":8},"end":{"line":183,"column":14},"skip":true}},"branchMap":{"1":{"line":25,"type":"binary-expr","locations":[{"start":{"line":25,"column":23},"end":{"line":25,"column":62}},{"start":{"line":26,"column":20},"end":{"line":26,"column":70}},{"start":{"line":27,"column":20},"end":{"line":27,"column":71}},{"start":{"line":28,"column":20},"end":{"line":28,"column":29}}]},"2":{"line":30,"type":"binary-expr","locations":[{"start":{"line":30,"column":23},"end":{"line":30,"column":37}},{"start":{"line":31,"column":20},"end":{"line":31,"column":61}},{"start":{"line":32,"column":20},"end":{"line":32,"column":70}},{"start":{"line":33,"column":20},"end":{"line":33,"column":26}}]},"3":{"line":37,"type":"cond-expr","locations":[{"start":{"line":38,"column":14},"end":{"line":38,"column":20}},{"start":{"line":39,"column":14},"end":{"line":39,"column":20}}]},"4":{"line":40,"type":"switch","locations":[{"start":{"line":42,"column":8},"end":{"line":47,"column":18}},{"start":{"line":49,"column":8},"end":{"line":52,"column":18}}]},"5":{"line":44,"type":"binary-expr","locations":[{"start":{"line":44,"column":16},"end":{"line":44,"column":44}},{"start":{"line":44,"column":48},"end":{"line":44,"column":66}}]},"6":{"line":50,"type":"binary-expr","locations":[{"start":{"line":50,"column":21},"end":{"line":50,"column":49}},{"start":{"line":50,"column":53},"end":{"line":50,"column":72}}]},"7":{"line":64,"type":"switch","locations":[{"start":{"line":69,"column":4},"end":{"line":70,"column":14}},{"start":{"line":75,"column":4},"end":{"line":76,"column":14}}]},"8":{"line":85,"type":"switch","locations":[{"start":{"line":90,"column":4},"end":{"line":95,"column":14}},{"start":{"line":101,"column":4},"end":{"line":183,"column":14},"skip":true}]},"9":{"line":92,"type":"binary-expr","locations":[{"start":{"line":92,"column":18},"end":{"line":92,"column":32}},{"start":{"line":93,"column":12},"end":{"line":93,"column":53}},{"start":{"line":94,"column":12},"end":{"line":94,"column":61}}]},"10":{"line":102,"type":"binary-expr","locations":[{"start":{"line":102,"column":45},"end":{"line":102,"column":79},"skip":true},{"start":{"line":102,"column":83},"end":{"line":111,"column":9},"skip":true}]},"11":{"line":113,"type":"binary-expr","locations":[{"start":{"line":113,"column":42},"end":{"line":113,"column":73},"skip":true},{"start":{"line":113,"column":77},"end":{"line":126,"column":9},"skip":true}]},"12":{"line":128,"type":"binary-expr","locations":[{"start":{"line":128,"column":48},"end":{"line":128,"column":85},"skip":true},{"start":{"line":129,"column":12},"end":{"line":135,"column":13},"skip":true}]},"13":{"line":137,"type":"binary-expr","locations":[{"start":{"line":137,"column":42},"end":{"line":137,"column":73},"skip":true},{"start":{"line":137,"column":77},"end":{"line":146,"column":9},"skip":true}]},"14":{"line":148,"type":"binary-expr","locations":[{"start":{"line":148,"column":45},"end":{"line":148,"column":79},"skip":true},{"start":{"line":148,"column":83},"end":{"line":157,"column":9},"skip":true}]},"15":{"line":159,"type":"binary-expr","locations":[{"start":{"line":159,"column":43},"end":{"line":159,"column":75},"skip":true},{"start":{"line":159,"column":79},"end":{"line":168,"column":9},"skip":true}]},"16":{"line":170,"type":"binary-expr","locations":[{"start":{"line":170,"column":41},"end":{"line":170,"column":71},"skip":true},{"start":{"line":170,"column":75},"end":{"line":179,"column":9},"skip":true}]}},"code":["/* istanbul instrument in package npmtest_sc5_styleguide */","/*jslint","    bitwise: true,","    browser: true,","    maxerr: 8,","    maxlen: 96,","    node: true,","    nomen: true,","    regexp: true,","    stupid: true","*/","(function () {","    'use strict';","    var local;","","","","    // run shared js-env code - pre-init","    (function () {","        // init local","        local = {};","        // init modeJs","        local.modeJs = (function () {","            try {","                return typeof navigator.userAgent === 'string' &&","                    typeof document.querySelector('body') === 'object' &&","                    typeof XMLHttpRequest.prototype.open === 'function' &&","                    'browser';","            } catch (errorCaughtBrowser) {","                return module.exports &&","                    typeof process.versions.node === 'string' &&","                    typeof require('http').createServer === 'function' &&","                    'node';","            }","        }());","        // init global","        local.global = local.modeJs === 'browser'","            ? window","            : global;","        switch (local.modeJs) {","        // re-init local from window.local","        case 'browser':","            local = local.global.utility2.objectSetDefault(","                local.global.utility2_rollup || local.global.local,","                local.global.utility2","            );","            break;","        // re-init local from example.js","        case 'node':","            local = (local.global.utility2_rollup || require('utility2'))","                .requireExampleJsFromReadme();","            break;","        }","        // export local","        local.global.local = local;","    }());","","","","    // run shared js-env code - function","    (function () {","        return;","    }());","    switch (local.modeJs) {","","","","    // run browser js-env code - function","    case 'browser':","        break;","","","","    // run node js-env code - function","    case 'node':","        break;","    }","","","","    // run shared js-env code - post-init","    (function () {","        return;","    }());","    switch (local.modeJs) {","","","","    // run browser js-env code - post-init","    case 'browser':","        // run tests","        local.nop(local.modeTest &&","            document.querySelector('#testRunButton1') &&","            document.querySelector('#testRunButton1').click());","        break;","","","","    // run node js-env code - post-init","    /* istanbul ignore next */","    case 'node':","        local.testCase_buildApidoc_default = local.testCase_buildApidoc_default || function (","            options,","            onError","        ) {","        /*","         * this function will test buildApidoc's default handling-behavior-behavior","         */","            options = { modulePathList: module.paths };","            local.buildApidoc(options, onError);","        };","","        local.testCase_buildApp_default = local.testCase_buildApp_default || function (","            options,","            onError","        ) {","        /*","         * this function will test buildApp's default handling-behavior-behavior","         */","            local.testCase_buildReadme_default(options, local.onErrorThrow);","            local.testCase_buildLib_default(options, local.onErrorThrow);","            local.testCase_buildTest_default(options, local.onErrorThrow);","            local.testCase_buildCustomOrg_default(options, local.onErrorThrow);","            options = [];","            local.buildApp(options, onError);","        };","","        local.testCase_buildCustomOrg_default = local.testCase_buildCustomOrg_default ||","            function (options, onError) {","            /*","             * this function will test buildCustomOrg's default handling-behavior","             */","                options = {};","                local.buildCustomOrg(options, onError);","            };","","        local.testCase_buildLib_default = local.testCase_buildLib_default || function (","            options,","            onError","        ) {","        /*","         * this function will test buildLib's default handling-behavior","         */","            options = {};","            local.buildLib(options, onError);","        };","","        local.testCase_buildReadme_default = local.testCase_buildReadme_default || function (","            options,","            onError","        ) {","        /*","         * this function will test buildReadme's default handling-behavior-behavior","         */","            options = {};","            local.buildReadme(options, onError);","        };","","        local.testCase_buildTest_default = local.testCase_buildTest_default || function (","            options,","            onError","        ) {","        /*","         * this function will test buildTest's default handling-behavior","         */","            options = {};","            local.buildTest(options, onError);","        };","","        local.testCase_webpage_default = local.testCase_webpage_default || function (","            options,","            onError","        ) {","        /*","         * this function will test webpage's default handling-behavior","         */","            options = { modeCoverageMerge: true, url: local.serverLocalHost + '?modeTest=1' };","            local.browserTest(options, onError);","        };","","        // run test-server","        local.testRunServer(local);","        break;","    }","}());",""],"l":{"12":2,"14":2,"19":2,"21":2,"23":2,"24":2,"25":2,"30":1,"37":2,"40":2,"43":1,"47":1,"50":1,"52":1,"55":2,"61":2,"62":2,"64":2,"70":1,"76":1,"82":2,"83":2,"85":2,"92":1,"95":1,"102":1,"109":1,"110":1,"113":1,"120":1,"121":1,"122":1,"123":1,"124":1,"125":1,"128":1,"133":2,"134":2,"137":1,"144":2,"145":2,"148":1,"155":2,"156":2,"159":1,"166":2,"167":2,"170":1,"177":1,"178":1,"182":1,"183":1}},"/home/travis/build/npmtest/node-npmtest-sc5-styleguide/lib.npmtest_sc5_styleguide.js":{"path":"/home/travis/build/npmtest/node-npmtest-sc5-styleguide/lib.npmtest_sc5_styleguide.js","s":{"1":2,"2":2,"3":2,"4":2,"5":2,"6":2,"7":2,"8":1,"9":2,"10":2,"11":2,"12":2,"13":1,"14":1,"15":1,"16":1},"b":{"1":[2,1,1,1],"2":[1,1,1,1],"3":[1,1],"4":[2,2],"5":[1,1]},"f":{"1":2,"2":2,"3":2},"fnMap":{"1":{"name":"(anonymous_1)","line":12,"loc":{"start":{"line":12,"column":1},"end":{"line":12,"column":13}}},"2":{"name":"(anonymous_2)","line":19,"loc":{"start":{"line":19,"column":5},"end":{"line":19,"column":17}}},"3":{"name":"(anonymous_3)","line":23,"loc":{"start":{"line":23,"column":24},"end":{"line":23,"column":36}}}},"statementMap":{"1":{"start":{"line":12,"column":0},"end":{"line":53,"column":5}},"2":{"start":{"line":14,"column":4},"end":{"line":14,"column":14}},"3":{"start":{"line":19,"column":4},"end":{"line":52,"column":9}},"4":{"start":{"line":21,"column":8},"end":{"line":21,"column":19}},"5":{"start":{"line":23,"column":8},"end":{"line":35,"column":13}},"6":{"start":{"line":24,"column":12},"end":{"line":34,"column":13}},"7":{"start":{"line":25,"column":16},"end":{"line":28,"column":30}},"8":{"start":{"line":30,"column":16},"end":{"line":33,"column":27}},"9":{"start":{"line":37,"column":8},"end":{"line":39,"column":21}},"10":{"start":{"line":41,"column":8},"end":{"line":41,"column":54}},"11":{"start":{"line":43,"column":8},"end":{"line":43,"column":59}},"12":{"start":{"line":45,"column":8},"end":{"line":51,"column":9}},"13":{"start":{"line":46,"column":12},"end":{"line":46,"column":65}},"14":{"start":{"line":48,"column":12},"end":{"line":48,"column":35}},"15":{"start":{"line":49,"column":12},"end":{"line":49,"column":49}},"16":{"start":{"line":50,"column":12},"end":{"line":50,"column":43}}},"branchMap":{"1":{"line":25,"type":"binary-expr","locations":[{"start":{"line":25,"column":23},"end":{"line":25,"column":62}},{"start":{"line":26,"column":20},"end":{"line":26,"column":70}},{"start":{"line":27,"column":20},"end":{"line":27,"column":71}},{"start":{"line":28,"column":20},"end":{"line":28,"column":29}}]},"2":{"line":30,"type":"binary-expr","locations":[{"start":{"line":30,"column":23},"end":{"line":30,"column":37}},{"start":{"line":31,"column":20},"end":{"line":31,"column":61}},{"start":{"line":32,"column":20},"end":{"line":32,"column":70}},{"start":{"line":33,"column":20},"end":{"line":33,"column":26}}]},"3":{"line":37,"type":"cond-expr","locations":[{"start":{"line":38,"column":14},"end":{"line":38,"column":20}},{"start":{"line":39,"column":14},"end":{"line":39,"column":20}}]},"4":{"line":41,"type":"binary-expr","locations":[{"start":{"line":41,"column":16},"end":{"line":41,"column":44}},{"start":{"line":41,"column":48},"end":{"line":41,"column":53}}]},"5":{"line":45,"type":"if","locations":[{"start":{"line":45,"column":8},"end":{"line":45,"column":8}},{"start":{"line":45,"column":8},"end":{"line":45,"column":8}}]}},"code":["/* istanbul instrument in package npmtest_sc5_styleguide */","/*jslint","    bitwise: true,","    browser: true,","    maxerr: 8,","    maxlen: 96,","    node: true,","    nomen: true,","    regexp: true,","    stupid: true","*/","(function () {","    'use strict';","    var local;","","","","    // run shared js-env code - pre-init","    (function () {","        // init local","        local = {};","        // init modeJs","        local.modeJs = (function () {","            try {","                return typeof navigator.userAgent === 'string' &&","                    typeof document.querySelector('body') === 'object' &&","                    typeof XMLHttpRequest.prototype.open === 'function' &&","                    'browser';","            } catch (errorCaughtBrowser) {","                return module.exports &&","                    typeof process.versions.node === 'string' &&","                    typeof require('http').createServer === 'function' &&","                    'node';","            }","        }());","        // init global","        local.global = local.modeJs === 'browser'","            ? window","            : global;","        // init utility2_rollup","        local = local.global.utility2_rollup || local;","        // init lib","        local.local = local.npmtest_sc5_styleguide = local;","        // init exports","        if (local.modeJs === 'browser') {","            local.global.utility2_npmtest_sc5_styleguide = local;","        } else {","            module.exports = local;","            module.exports.__dirname = __dirname;","            module.exports.module = module;","        }","    }());","}());",""],"l":{"12":2,"14":2,"19":2,"21":2,"23":2,"24":2,"25":2,"30":1,"37":2,"41":2,"43":2,"45":2,"46":1,"48":1,"49":1,"50":1}},"/home/travis/build/npmtest/node-npmtest-sc5-styleguide/example.js":{"path":"/home/travis/build/npmtest/node-npmtest-sc5-styleguide/example.js","s":{"1":2,"2":2,"3":2,"4":2,"5":2,"6":2,"7":2,"8":1,"9":2,"10":2,"11":2,"12":2,"13":1,"14":2,"15":2,"16":2,"17":2,"18":2,"19":0,"20":2,"21":1,"22":1,"23":1,"24":1,"25":1,"26":0,"27":0,"28":1,"29":1,"30":2,"31":0,"32":0,"33":0,"34":1,"35":2,"36":2,"37":2,"38":2,"39":2,"40":2,"41":0,"42":2,"43":2,"44":2,"45":1,"46":3,"47":1,"48":1,"49":1,"50":1,"51":1,"52":1,"53":1,"54":1,"55":1,"56":1,"57":0,"58":1,"59":6,"60":6,"61":1,"62":2,"63":0,"64":2,"65":1,"66":1,"67":0,"68":0,"69":0,"70":0,"71":0,"72":0,"73":0,"74":0,"75":0,"76":0,"77":0,"78":0,"79":0,"80":0,"81":0,"82":0,"83":0},"b":{"1":[2,1,1,1],"2":[1,1,1,1],"3":[1,1],"4":[2,2],"5":[1,1],"6":[1,1],"7":[2,0],"8":[2,1,1,1,1,1],"9":[0,2,0],"10":[1,1],"11":[2,1,1],"12":[1,0],"13":[0,2],"14":[2,0,0,0,0,0,0],"15":[0,2],"16":[2,0],"17":[1,1],"18":[0,1],"19":[1,2,0,2],"20":[1,0],"21":[1,1],"22":[0,0],"23":[0,0],"24":[0,0],"25":[0,0],"26":[0,0],"27":[0,0],"28":[0,0]},"f":{"1":2,"2":2,"3":2,"4":2,"5":2,"6":2,"7":2,"8":2,"9":3,"10":1,"11":6,"12":0},"fnMap":{"1":{"name":"(anonymous_1)","line":26,"loc":{"start":{"line":26,"column":1},"end":{"line":26,"column":13}}},"2":{"name":"(anonymous_2)","line":33,"loc":{"start":{"line":33,"column":5},"end":{"line":33,"column":17}}},"3":{"name":"(anonymous_3)","line":37,"loc":{"start":{"line":37,"column":24},"end":{"line":37,"column":36}}},"4":{"name":"(anonymous_4)","line":69,"loc":{"start":{"line":69,"column":31},"end":{"line":69,"column":48}},"skip":true},"5":{"name":"(anonymous_5)","line":78,"loc":{"start":{"line":78,"column":26},"end":{"line":78,"column":45}},"skip":true},"6":{"name":"(anonymous_6)","line":123,"loc":{"start":{"line":123,"column":33},"end":{"line":123,"column":48}},"skip":true},"7":{"name":"(anonymous_7)","line":125,"loc":{"start":{"line":125,"column":27},"end":{"line":125,"column":39}},"skip":true},"8":{"name":"(anonymous_8)","line":133,"loc":{"start":{"line":133,"column":59},"end":{"line":133,"column":74}},"skip":true},"9":{"name":"(anonymous_9)","line":143,"loc":{"start":{"line":143,"column":45},"end":{"line":143,"column":62}},"skip":true},"10":{"name":"(anonymous_10)","line":144,"loc":{"start":{"line":144,"column":73},"end":{"line":144,"column":92}},"skip":true},"11":{"name":"(anonymous_11)","line":272,"loc":{"start":{"line":272,"column":51},"end":{"line":272,"column":77}},"skip":true},"12":{"name":"(anonymous_12)","line":314,"loc":{"start":{"line":314,"column":32},"end":{"line":314,"column":61}},"skip":true}},"statementMap":{"1":{"start":{"line":26,"column":0},"end":{"line":325,"column":5}},"2":{"start":{"line":28,"column":4},"end":{"line":28,"column":14}},"3":{"start":{"line":33,"column":4},"end":{"line":60,"column":9}},"4":{"start":{"line":35,"column":8},"end":{"line":35,"column":19}},"5":{"start":{"line":37,"column":8},"end":{"line":49,"column":13}},"6":{"start":{"line":38,"column":12},"end":{"line":48,"column":13}},"7":{"start":{"line":39,"column":16},"end":{"line":42,"column":30}},"8":{"start":{"line":44,"column":16},"end":{"line":47,"column":27}},"9":{"start":{"line":51,"column":8},"end":{"line":53,"column":21}},"10":{"start":{"line":55,"column":8},"end":{"line":57,"column":45}},"11":{"start":{"line":59,"column":8},"end":{"line":59,"column":35}},"12":{"start":{"line":61,"column":4},"end":{"line":324,"column":5}},"13":{"start":{"line":69,"column":8},"end":{"line":121,"column":10},"skip":true},"14":{"start":{"line":70,"column":12},"end":{"line":88,"column":13},"skip":true},"15":{"start":{"line":76,"column":16},"end":{"line":87,"column":19},"skip":true},"16":{"start":{"line":79,"column":20},"end":{"line":86,"column":21},"skip":true},"17":{"start":{"line":82,"column":24},"end":{"line":82,"column":43},"skip":true},"18":{"start":{"line":83,"column":24},"end":{"line":83,"column":30},"skip":true},"19":{"start":{"line":85,"column":24},"end":{"line":85,"column":49},"skip":true},"20":{"start":{"line":89,"column":12},"end":{"line":107,"column":13},"skip":true},"21":{"start":{"line":92,"column":16},"end":{"line":102,"column":17},"skip":true},"22":{"start":{"line":93,"column":20},"end":{"line":93,"column":86},"skip":true},"23":{"start":{"line":94,"column":20},"end":{"line":95,"column":45},"skip":true},"24":{"start":{"line":96,"column":20},"end":{"line":96,"column":42},"skip":true},"25":{"start":{"line":97,"column":20},"end":{"line":97,"column":48},"skip":true},"26":{"start":{"line":100,"column":20},"end":{"line":100,"column":85},"skip":true},"27":{"start":{"line":101,"column":20},"end":{"line":101,"column":96},"skip":true},"28":{"start":{"line":103,"column":16},"end":{"line":103,"column":22},"skip":true},"29":{"start":{"line":106,"column":16},"end":{"line":106,"column":22},"skip":true},"30":{"start":{"line":108,"column":12},"end":{"line":120,"column":13},"skip":true},"31":{"start":{"line":114,"column":16},"end":{"line":119,"column":17},"skip":true},"32":{"start":{"line":116,"column":20},"end":{"line":116,"column":78},"skip":true},"33":{"start":{"line":118,"column":20},"end":{"line":118,"column":47},"skip":true},"34":{"start":{"line":123,"column":8},"end":{"line":141,"column":11},"skip":true},"35":{"start":{"line":124,"column":12},"end":{"line":124,"column":54},"skip":true},"36":{"start":{"line":125,"column":12},"end":{"line":140,"column":14},"skip":true},"37":{"start":{"line":126,"column":16},"end":{"line":126,"column":28},"skip":true},"38":{"start":{"line":127,"column":16},"end":{"line":127,"column":69},"skip":true},"39":{"start":{"line":128,"column":16},"end":{"line":128,"column":75},"skip":true},"40":{"start":{"line":129,"column":16},"end":{"line":131,"column":17},"skip":true},"41":{"start":{"line":130,"column":20},"end":{"line":130,"column":27},"skip":true},"42":{"start":{"line":133,"column":16},"end":{"line":137,"column":36},"skip":true},"43":{"start":{"line":134,"column":20},"end":{"line":136,"column":55},"skip":true},"44":{"start":{"line":139,"column":16},"end":{"line":139,"column":57},"skip":true},"45":{"start":{"line":143,"column":8},"end":{"line":147,"column":11},"skip":true},"46":{"start":{"line":144,"column":12},"end":{"line":146,"column":15},"skip":true},"47":{"start":{"line":145,"column":16},"end":{"line":145,"column":70},"skip":true},"48":{"start":{"line":149,"column":8},"end":{"line":149,"column":31},"skip":true},"49":{"start":{"line":150,"column":8},"end":{"line":150,"column":14},"skip":true},"50":{"start":{"line":158,"column":8},"end":{"line":158,"column":31},"skip":true},"51":{"start":{"line":160,"column":8},"end":{"line":160,"column":33},"skip":true},"52":{"start":{"line":161,"column":8},"end":{"line":161,"column":37},"skip":true},"53":{"start":{"line":162,"column":8},"end":{"line":162,"column":35},"skip":true},"54":{"start":{"line":164,"column":8},"end":{"line":164,"column":50},"skip":true},"55":{"start":{"line":166,"column":8},"end":{"line":256,"column":2},"skip":true},"56":{"start":{"line":258,"column":8},"end":{"line":286,"column":9},"skip":true},"57":{"start":{"line":259,"column":12},"end":{"line":269,"column":14},"skip":true},"58":{"start":{"line":271,"column":12},"end":{"line":285,"column":19},"skip":true},"59":{"start":{"line":274,"column":20},"end":{"line":274,"column":35},"skip":true},"60":{"start":{"line":275,"column":20},"end":{"line":284,"column":21},"skip":true},"61":{"start":{"line":277,"column":24},"end":{"line":277,"column":64},"skip":true},"62":{"start":{"line":279,"column":24},"end":{"line":279,"column":40},"skip":true},"63":{"start":{"line":281,"column":24},"end":{"line":281,"column":40},"skip":true},"64":{"start":{"line":283,"column":24},"end":{"line":283,"column":39},"skip":true},"65":{"start":{"line":288,"column":8},"end":{"line":290,"column":9},"skip":true},"66":{"start":{"line":289,"column":12},"end":{"line":289,"column":18},"skip":true},"67":{"start":{"line":291,"column":8},"end":{"line":293,"column":54},"skip":true},"68":{"start":{"line":294,"column":8},"end":{"line":301,"column":37},"skip":true},"69":{"start":{"line":302,"column":8},"end":{"line":302,"column":82},"skip":true},"70":{"start":{"line":305,"column":8},"end":{"line":307,"column":9},"skip":true},"71":{"start":{"line":306,"column":12},"end":{"line":306,"column":82},"skip":true},"72":{"start":{"line":309,"column":8},"end":{"line":311,"column":9},"skip":true},"73":{"start":{"line":310,"column":12},"end":{"line":310,"column":18},"skip":true},"74":{"start":{"line":312,"column":8},"end":{"line":312,"column":54},"skip":true},"75":{"start":{"line":313,"column":8},"end":{"line":313,"column":69},"skip":true},"76":{"start":{"line":314,"column":8},"end":{"line":322,"column":36},"skip":true},"77":{"start":{"line":315,"column":12},"end":{"line":315,"column":61},"skip":true},"78":{"start":{"line":316,"column":12},"end":{"line":319,"column":13},"skip":true},"79":{"start":{"line":317,"column":16},"end":{"line":317,"column":75},"skip":true},"80":{"start":{"line":318,"column":16},"end":{"line":318,"column":23},"skip":true},"81":{"start":{"line":320,"column":12},"end":{"line":320,"column":38},"skip":true},"82":{"start":{"line":321,"column":12},"end":{"line":321,"column":27},"skip":true},"83":{"start":{"line":323,"column":8},"end":{"line":323,"column":14},"skip":true}},"branchMap":{"1":{"line":39,"type":"binary-expr","locations":[{"start":{"line":39,"column":23},"end":{"line":39,"column":62}},{"start":{"line":40,"column":20},"end":{"line":40,"column":70}},{"start":{"line":41,"column":20},"end":{"line":41,"column":71}},{"start":{"line":42,"column":20},"end":{"line":42,"column":29}}]},"2":{"line":44,"type":"binary-expr","locations":[{"start":{"line":44,"column":23},"end":{"line":44,"column":37}},{"start":{"line":45,"column":20},"end":{"line":45,"column":61}},{"start":{"line":46,"column":20},"end":{"line":46,"column":70}},{"start":{"line":47,"column":20},"end":{"line":47,"column":26}}]},"3":{"line":51,"type":"cond-expr","locations":[{"start":{"line":52,"column":14},"end":{"line":52,"column":20}},{"start":{"line":53,"column":14},"end":{"line":53,"column":20}}]},"4":{"line":55,"type":"binary-expr","locations":[{"start":{"line":55,"column":16},"end":{"line":55,"column":44}},{"start":{"line":55,"column":49},"end":{"line":57,"column":43}}]},"5":{"line":55,"type":"cond-expr","locations":[{"start":{"line":56,"column":14},"end":{"line":56,"column":58}},{"start":{"line":57,"column":14},"end":{"line":57,"column":43}}]},"6":{"line":61,"type":"switch","locations":[{"start":{"line":68,"column":4},"end":{"line":150,"column":14},"skip":true},{"start":{"line":156,"column":4},"end":{"line":323,"column":14},"skip":true}]},"7":{"line":70,"type":"if","locations":[{"start":{"line":70,"column":12},"end":{"line":70,"column":12},"skip":true},{"start":{"line":70,"column":12},"end":{"line":70,"column":12},"skip":true}]},"8":{"line":70,"type":"binary-expr","locations":[{"start":{"line":70,"column":16},"end":{"line":70,"column":22},"skip":true},{"start":{"line":70,"column":27},"end":{"line":70,"column":32},"skip":true},{"start":{"line":71,"column":20},"end":{"line":71,"column":39},"skip":true},{"start":{"line":72,"column":20},"end":{"line":72,"column":49},"skip":true},{"start":{"line":73,"column":20},"end":{"line":73,"column":58},"skip":true},{"start":{"line":74,"column":20},"end":{"line":74,"column":69},"skip":true}]},"9":{"line":79,"type":"switch","locations":[{"start":{"line":80,"column":20},"end":{"line":80,"column":33},"skip":true},{"start":{"line":81,"column":20},"end":{"line":83,"column":30},"skip":true},{"start":{"line":84,"column":20},"end":{"line":85,"column":49},"skip":true}]},"10":{"line":89,"type":"switch","locations":[{"start":{"line":90,"column":12},"end":{"line":103,"column":22},"skip":true},{"start":{"line":105,"column":12},"end":{"line":106,"column":22},"skip":true}]},"11":{"line":89,"type":"binary-expr","locations":[{"start":{"line":89,"column":20},"end":{"line":89,"column":25},"skip":true},{"start":{"line":89,"column":29},"end":{"line":89,"column":48},"skip":true},{"start":{"line":89,"column":52},"end":{"line":89,"column":74},"skip":true}]},"12":{"line":92,"type":"if","locations":[{"start":{"line":92,"column":16},"end":{"line":92,"column":16},"skip":true},{"start":{"line":92,"column":16},"end":{"line":92,"column":16},"skip":true}]},"13":{"line":108,"type":"if","locations":[{"start":{"line":108,"column":12},"end":{"line":108,"column":12},"skip":true},{"start":{"line":108,"column":12},"end":{"line":108,"column":12},"skip":true}]},"14":{"line":108,"type":"binary-expr","locations":[{"start":{"line":108,"column":16},"end":{"line":108,"column":61},"skip":true},{"start":{"line":108,"column":66},"end":{"line":108,"column":72},"skip":true},{"start":{"line":108,"column":77},"end":{"line":108,"column":82},"skip":true},{"start":{"line":109,"column":20},"end":{"line":109,"column":39},"skip":true},{"start":{"line":110,"column":20},"end":{"line":110,"column":49},"skip":true},{"start":{"line":111,"column":20},"end":{"line":111,"column":58},"skip":true},{"start":{"line":112,"column":20},"end":{"line":112,"column":68},"skip":true}]},"15":{"line":129,"type":"if","locations":[{"start":{"line":129,"column":16},"end":{"line":129,"column":16},"skip":true},{"start":{"line":129,"column":16},"end":{"line":129,"column":16},"skip":true}]},"16":{"line":134,"type":"cond-expr","locations":[{"start":{"line":135,"column":26},"end":{"line":135,"column":29},"skip":true},{"start":{"line":136,"column":26},"end":{"line":136,"column":54},"skip":true}]},"17":{"line":164,"type":"binary-expr","locations":[{"start":{"line":164,"column":27},"end":{"line":164,"column":43},"skip":true},{"start":{"line":164,"column":47},"end":{"line":164,"column":49},"skip":true}]},"18":{"line":258,"type":"if","locations":[{"start":{"line":258,"column":8},"end":{"line":258,"column":8},"skip":true},{"start":{"line":258,"column":8},"end":{"line":258,"column":8},"skip":true}]},"19":{"line":275,"type":"switch","locations":[{"start":{"line":276,"column":20},"end":{"line":277,"column":64},"skip":true},{"start":{"line":278,"column":20},"end":{"line":279,"column":40},"skip":true},{"start":{"line":280,"column":20},"end":{"line":281,"column":40},"skip":true},{"start":{"line":282,"column":20},"end":{"line":283,"column":39},"skip":true}]},"20":{"line":288,"type":"if","locations":[{"start":{"line":288,"column":8},"end":{"line":288,"column":8},"skip":true},{"start":{"line":288,"column":8},"end":{"line":288,"column":8},"skip":true}]},"21":{"line":288,"type":"binary-expr","locations":[{"start":{"line":288,"column":12},"end":{"line":288,"column":40},"skip":true},{"start":{"line":288,"column":44},"end":{"line":288,"column":67},"skip":true}]},"22":{"line":292,"type":"binary-expr","locations":[{"start":{"line":292,"column":12},"end":{"line":292,"column":50},"skip":true},{"start":{"line":293,"column":12},"end":{"line":293,"column":53},"skip":true}]},"23":{"line":295,"type":"binary-expr","locations":[{"start":{"line":295,"column":12},"end":{"line":295,"column":72},"skip":true},{"start":{"line":296,"column":12},"end":{"line":301,"column":36},"skip":true}]},"24":{"line":302,"type":"binary-expr","locations":[{"start":{"line":302,"column":43},"end":{"line":302,"column":75},"skip":true},{"start":{"line":302,"column":79},"end":{"line":302,"column":81},"skip":true}]},"25":{"line":305,"type":"if","locations":[{"start":{"line":305,"column":8},"end":{"line":305,"column":8},"skip":true},{"start":{"line":305,"column":8},"end":{"line":305,"column":8},"skip":true}]},"26":{"line":309,"type":"if","locations":[{"start":{"line":309,"column":8},"end":{"line":309,"column":8},"skip":true},{"start":{"line":309,"column":8},"end":{"line":309,"column":8},"skip":true}]},"27":{"line":312,"type":"binary-expr","locations":[{"start":{"line":312,"column":27},"end":{"line":312,"column":43},"skip":true},{"start":{"line":312,"column":47},"end":{"line":312,"column":53},"skip":true}]},"28":{"line":316,"type":"if","locations":[{"start":{"line":316,"column":12},"end":{"line":316,"column":12},"skip":true},{"start":{"line":316,"column":12},"end":{"line":316,"column":12},"skip":true}]}},"code":["/*","example.js","","quickstart example","","instruction","    1. save this script as example.js","    2. run the shell command:","        $ npm install npmtest-sc5-styleguide && PORT=8081 node example.js","    3. play with the browser-demo on http://127.0.0.1:8081","*/","","","","/* istanbul instrument in package npmtest_sc5_styleguide */","/*jslint","    bitwise: true,","    browser: true,","    maxerr: 8,","    maxlen: 96,","    node: true,","    nomen: true,","    regexp: true,","    stupid: true","*/","(function () {","    'use strict';","    var local;","","","","    // run shared js-env code - pre-init","    (function () {","        // init local","        local = {};","        // init modeJs","        local.modeJs = (function () {","            try {","                return typeof navigator.userAgent === 'string' &&","                    typeof document.querySelector('body') === 'object' &&","                    typeof XMLHttpRequest.prototype.open === 'function' &&","                    'browser';","            } catch (errorCaughtBrowser) {","                return module.exports &&","                    typeof process.versions.node === 'string' &&","                    typeof require('http').createServer === 'function' &&","                    'node';","            }","        }());","        // init global","        local.global = local.modeJs === 'browser'","            ? window","            : global;","        // init utility2_rollup","        local = local.global.utility2_rollup || (local.modeJs === 'browser'","            ? local.global.utility2_npmtest_sc5_styleguide","            : global.utility2_moduleExports);","        // export local","        local.global.local = local;","    }());","    switch (local.modeJs) {","","","","    // post-init","    // run browser js-env code - post-init","    /* istanbul ignore next */","    case 'browser':","        local.testRunBrowser = function (event) {","            if (!event || (event &&","                    event.currentTarget &&","                    event.currentTarget.className &&","                    event.currentTarget.className.includes &&","                    event.currentTarget.className.includes('onreset'))) {","                // reset output","                Array.from(","                    document.querySelectorAll('body > .resettable')","                ).forEach(function (element) {","                    switch (element.tagName) {","                    case 'INPUT':","                    case 'TEXTAREA':","                        element.value = '';","                        break;","                    default:","                        element.textContent = '';","                    }","                });","            }","            switch (event && event.currentTarget && event.currentTarget.id) {","            case 'testRunButton1':","                // show tests","                if (document.querySelector('#testReportDiv1').style.display === 'none') {","                    document.querySelector('#testReportDiv1').style.display = 'block';","                    document.querySelector('#testRunButton1').textContent =","                        'hide internal test';","                    local.modeTest = true;","                    local.testRunDefault(local);","                // hide tests","                } else {","                    document.querySelector('#testReportDiv1').style.display = 'none';","                    document.querySelector('#testRunButton1').textContent = 'run internal test';","                }","                break;","            // custom-case","            default:","                break;","            }","            if (document.querySelector('#inputTextareaEval1') && (!event || (event &&","                    event.currentTarget &&","                    event.currentTarget.className &&","                    event.currentTarget.className.includes &&","                    event.currentTarget.className.includes('oneval')))) {","                // try to eval input-code","                try {","                    /*jslint evil: true*/","                    eval(document.querySelector('#inputTextareaEval1').value);","                } catch (errorCaught) {","                    console.error(errorCaught);","                }","            }","        };","        // log stderr and stdout to #outputTextareaStdout1","        ['error', 'log'].forEach(function (key) {","            console[key + '_original'] = console[key];","            console[key] = function () {","                var element;","                console[key + '_original'].apply(console, arguments);","                element = document.querySelector('#outputTextareaStdout1');","                if (!element) {","                    return;","                }","                // append text to #outputTextareaStdout1","                element.value += Array.from(arguments).map(function (arg) {","                    return typeof arg === 'string'","                        ? arg","                        : JSON.stringify(arg, null, 4);","                }).join(' ') + '\\n';","                // scroll textarea to bottom","                element.scrollTop = element.scrollHeight;","            };","        });","        // init event-handling","        ['change', 'click', 'keyup'].forEach(function (event) {","            Array.from(document.querySelectorAll('.on' + event)).forEach(function (element) {","                element.addEventListener(event, local.testRunBrowser);","            });","        });","        // run tests","        local.testRunBrowser();","        break;","","","","    // run node js-env code - post-init","    /* istanbul ignore next */","    case 'node':","        // export local","        module.exports = local;","        // require modules","        local.fs = require('fs');","        local.http = require('http');","        local.url = require('url');","        // init assets","        local.assetsDict = local.assetsDict || {};","        /* jslint-ignore-begin */","        local.assetsDict['/assets.index.template.html'] = '\\","<!doctype html>\\n\\","<html lang=\"en\">\\n\\","<head>\\n\\","<meta charset=\"UTF-8\">\\n\\","<meta name=\"viewport\" content=\"width=device-width, initial-scale=1\">\\n\\","<title>{{env.npm_package_name}} (v{{env.npm_package_version}})</title>\\n\\","<style>\\n\\","/*csslint\\n\\","    box-sizing: false,\\n\\","    universal-selector: false\\n\\","*/\\n\\","* {\\n\\","    box-sizing: border-box;\\n\\","}\\n\\","body {\\n\\","    background: #dde;\\n\\","    font-family: Arial, Helvetica, sans-serif;\\n\\","    margin: 2rem;\\n\\","}\\n\\","body > * {\\n\\","    margin-bottom: 1rem;\\n\\","}\\n\\",".utility2FooterDiv {\\n\\","    margin-top: 20px;\\n\\","    text-align: center;\\n\\","}\\n\\","</style>\\n\\","<style>\\n\\","/*csslint\\n\\","*/\\n\\","textarea {\\n\\","    font-family: monospace;\\n\\","    height: 10rem;\\n\\","    width: 100%;\\n\\","}\\n\\","textarea[readonly] {\\n\\","    background: #ddd;\\n\\","}\\n\\","</style>\\n\\","</head>\\n\\","<body>\\n\\","<!-- utility2-comment\\n\\","<div id=\"ajaxProgressDiv1\" style=\"background: #d00; height: 2px; left: 0; margin: 0; padding: 0; position: fixed; top: 0; transition: background 0.5s, width 1.5s; width: 25%;\"></div>\\n\\","utility2-comment -->\\n\\","<h1>\\n\\","<!-- utility2-comment\\n\\","    <a\\n\\","        {{#if env.npm_package_homepage}}\\n\\","        href=\"{{env.npm_package_homepage}}\"\\n\\","        {{/if env.npm_package_homepage}}\\n\\","        target=\"_blank\"\\n\\","    >\\n\\","utility2-comment -->\\n\\","        {{env.npm_package_name}} (v{{env.npm_package_version}})\\n\\","<!-- utility2-comment\\n\\","    </a>\\n\\","utility2-comment -->\\n\\","</h1>\\n\\","<h3>{{env.npm_package_description}}</h3>\\n\\","<!-- utility2-comment\\n\\","<h4><a download href=\"assets.app.js\">download standalone app</a></h4>\\n\\","<button class=\"onclick onreset\" id=\"testRunButton1\">run internal test</button><br>\\n\\","<div id=\"testReportDiv1\" style=\"display: none;\"></div>\\n\\","utility2-comment -->\\n\\","\\n\\","\\n\\","\\n\\","<label>stderr and stdout</label>\\n\\","<textarea class=\"resettable\" id=\"outputTextareaStdout1\" readonly></textarea>\\n\\","<!-- utility2-comment\\n\\","{{#if isRollup}}\\n\\","<script src=\"assets.app.js\"></script>\\n\\","{{#unless isRollup}}\\n\\","utility2-comment -->\\n\\","<script src=\"assets.utility2.rollup.js\"></script>\\n\\","<script src=\"jsonp.utility2._stateInit?callback=window.utility2._stateInit\"></script>\\n\\","<script src=\"assets.npmtest_sc5_styleguide.rollup.js\"></script>\\n\\","<script src=\"assets.example.js\"></script>\\n\\","<script src=\"assets.test.js\"></script>\\n\\","<!-- utility2-comment\\n\\","{{/if isRollup}}\\n\\","utility2-comment -->\\n\\","<div class=\"utility2FooterDiv\">\\n\\","    [ this app was created with\\n\\","    <a href=\"https://github.com/kaizhu256/node-utility2\" target=\"_blank\">utility2</a>\\n\\","    ]\\n\\","</div>\\n\\","</body>\\n\\","</html>\\n\\","';","        /* jslint-ignore-end */","        if (local.templateRender) {","            local.assetsDict['/'] = local.templateRender(","                local.assetsDict['/assets.index.template.html'],","                {","                    env: local.objectSetDefault(local.env, {","                        npm_package_description: 'the greatest app in the world!',","                        npm_package_name: 'my-app',","                        npm_package_nameAlias: 'my_app',","                        npm_package_version: '0.0.1'","                    })","                }","            );","        } else {","            local.assetsDict['/'] = local.assetsDict['/assets.index.template.html']","                .replace((/\\{\\{env\\.(\\w+?)\\}\\}/g), function (match0, match1) {","                    // jslint-hack","                    String(match0);","                    switch (match1) {","                    case 'npm_package_description':","                        return 'the greatest app in the world!';","                    case 'npm_package_name':","                        return 'my-app';","                    case 'npm_package_nameAlias':","                        return 'my_app';","                    case 'npm_package_version':","                        return '0.0.1';","                    }","                });","        }","        // run the cli","        if (local.global.utility2_rollup || module !== require.main) {","            break;","        }","        local.assetsDict['/assets.example.js'] =","            local.assetsDict['/assets.example.js'] ||","            local.fs.readFileSync(__filename, 'utf8');","        local.assetsDict['/assets.npmtest_sc5_styleguide.rollup.js'] =","            local.assetsDict['/assets.npmtest_sc5_styleguide.rollup.js'] ||","            local.fs.readFileSync(","                // buildCustomOrg-hack","                local.npmtest_sc5_styleguide.__dirname +","                    '/lib.npmtest_sc5_styleguide.js',","                'utf8'","            ).replace((/^#!/), '//');","        local.assetsDict['/favicon.ico'] = local.assetsDict['/favicon.ico'] || '';","        // if $npm_config_timeout_exit exists,","        // then exit this process after $npm_config_timeout_exit ms","        if (Number(process.env.npm_config_timeout_exit)) {","            setTimeout(process.exit, Number(process.env.npm_config_timeout_exit));","        }","        // start server","        if (local.global.utility2_serverHttp1) {","            break;","        }","        process.env.PORT = process.env.PORT || '8081';","        console.error('server starting on port ' + process.env.PORT);","        local.http.createServer(function (request, response) {","            request.urlParsed = local.url.parse(request.url);","            if (local.assetsDict[request.urlParsed.pathname] !== undefined) {","                response.end(local.assetsDict[request.urlParsed.pathname]);","                return;","            }","            response.statusCode = 404;","            response.end();","        }).listen(process.env.PORT);","        break;","    }","}());",""],"l":{"26":2,"28":2,"33":2,"35":2,"37":2,"38":2,"39":2,"44":1,"51":2,"55":2,"59":2,"61":2,"69":1,"70":2,"76":2,"79":2,"82":2,"83":2,"85":1,"89":2,"92":1,"93":1,"94":1,"96":1,"97":1,"100":1,"101":1,"103":1,"106":1,"108":2,"114":1,"116":1,"118":1,"123":1,"124":2,"125":2,"126":2,"127":2,"128":2,"129":2,"130":1,"133":2,"134":2,"139":2,"143":1,"144":3,"145":1,"149":1,"150":1,"158":1,"160":1,"161":1,"162":1,"164":1,"166":1,"258":1,"259":1,"271":1,"274":6,"275":6,"277":1,"279":2,"281":1,"283":2,"288":1,"289":1,"291":1,"294":1,"302":1,"305":1,"306":1,"309":1,"310":1,"312":1,"313":1,"314":1,"315":1,"316":1,"317":1,"318":1,"320":1,"321":1,"323":1}},"/home/travis/build/npmtest/node-npmtest-sc5-styleguide/node_modules/sc5-styleguide/lib/styleguide.js":{"path":"/home/travis/build/npmtest/node-npmtest-sc5-styleguide/node_modules/sc5-styleguide/lib/styleguide.js","s":{"1":1,"2":1,"3":0,"4":1,"5":0,"6":0,"7":1,"8":0,"9":0,"10":1,"11":0,"12":0,"13":1,"14":0,"15":0,"16":1,"17":0,"18":0,"19":0,"20":0,"21":0,"22":0,"23":1,"24":0,"25":0,"26":0,"27":0,"28":0,"29":0,"30":1,"31":0,"32":0,"33":0,"34":0,"35":0,"36":0,"37":0,"38":0,"39":0,"40":0,"41":0,"42":0,"43":0,"44":0,"45":0,"46":0,"47":0,"48":0,"49":1,"50":0,"51":1,"52":0,"53":1,"54":0,"55":0,"56":0,"57":0,"58":0,"59":1,"60":0,"61":0,"62":0,"63":0,"64":0,"65":1,"66":0,"67":0,"68":0,"69":0,"70":0,"71":0,"72":0,"73":0,"74":0,"75":0,"76":1,"77":0,"78":1,"79":0,"80":0,"81":0,"82":0,"83":0,"84":0,"85":0,"86":0,"87":0,"88":0,"89":0,"90":1,"91":0,"92":0,"93":0,"94":0,"95":0,"96":1,"97":0,"98":0,"99":1,"100":0,"101":0,"102":0,"103":0,"104":0,"105":0,"106":0,"107":0,"108":0,"109":0,"110":0,"111":0,"112":0,"113":0,"114":0,"115":0,"116":0,"117":0,"118":1,"119":0,"120":0,"121":0,"122":1,"123":0,"124":0,"125":0,"126":0,"127":0,"128":0,"129":0,"130":0,"131":0,"132":0,"133":0,"134":0,"135":0,"136":0,"137":0,"138":0,"139":0,"140":0,"141":0,"142":0,"143":0,"144":0,"145":0,"146":0,"147":0,"148":0,"149":0,"150":0,"151":0,"152":0,"153":0,"154":0,"155":0,"156":0,"157":0,"158":0,"159":0,"160":0,"161":0,"162":0,"163":0,"164":0,"165":0,"166":0,"167":0,"168":0,"169":0,"170":1,"171":0,"172":1,"173":0,"174":0,"175":0,"176":0,"177":0,"178":0,"179":0,"180":0,"181":0,"182":0,"183":0,"184":0,"185":0,"186":0,"187":0,"188":0,"189":0,"190":0,"191":0,"192":0,"193":0,"194":1,"195":0,"196":1,"197":0,"198":0,"199":0,"200":0,"201":0,"202":0,"203":0,"204":0,"205":0,"206":0,"207":0,"208":0,"209":1},"b":{"1":[0,0],"2":[0,0],"3":[0,0],"4":[0,0],"5":[0,0],"6":[0,0],"7":[0,0],"8":[0,0],"9":[0,0],"10":[0,0],"11":[0,0],"12":[0,0],"13":[0,0],"14":[0,0],"15":[0,0],"16":[0,0],"17":[0,0],"18":[0,0],"19":[0,0],"20":[0,0],"21":[0,0],"22":[0,0],"23":[0,0],"24":[0,0],"25":[0,0],"26":[0,0],"27":[0,0],"28":[0,0],"29":[0,0],"30":[0,0],"31":[0,0],"32":[0,0],"33":[0,0],"34":[0,0],"35":[0,0]},"f":{"1":0,"2":0,"3":0,"4":0,"5":0,"6":0,"7":0,"8":0,"9":0,"10":0,"11":0,"12":0,"13":0,"14":0,"15":0,"16":0,"17":0,"18":0,"19":0,"20":0,"21":0,"22":0,"23":0,"24":0,"25":0,"26":0,"27":0,"28":0,"29":0,"30":0,"31":0,"32":0,"33":0,"34":0,"35":0,"36":0,"37":0,"38":0,"39":0,"40":0,"41":0,"42":0,"43":0,"44":0,"45":0,"46":0,"47":0,"48":0,"49":0,"50":0,"51":0,"52":0,"53":0,"54":0,"55":0,"56":0,"57":0},"fnMap":{"1":{"name":"socketIsOpen","line":46,"loc":{"start":{"line":46,"column":0},"end":{"line":46,"column":24}}},"2":{"name":"emitProgressStart","line":50,"loc":{"start":{"line":50,"column":0},"end":{"line":50,"column":29}}},"3":{"name":"emitProgressEnd","line":56,"loc":{"start":{"line":56,"column":0},"end":{"line":56,"column":27}}},"4":{"name":"emitCompileError","line":62,"loc":{"start":{"line":62,"column":0},"end":{"line":62,"column":33}}},"5":{"name":"emitCompileSuccess","line":68,"loc":{"start":{"line":68,"column":0},"end":{"line":68,"column":30}}},"6":{"name":"groupModuleFiles","line":74,"loc":{"start":{"line":74,"column":0},"end":{"line":74,"column":38}}},"7":{"name":"(anonymous_7)","line":76,"loc":{"start":{"line":76,"column":43},"end":{"line":76,"column":60}}},"8":{"name":"(anonymous_8)","line":81,"loc":{"start":{"line":81,"column":29},"end":{"line":81,"column":59}}},"9":{"name":"(anonymous_9)","line":82,"loc":{"start":{"line":82,"column":41},"end":{"line":82,"column":71}}},"10":{"name":"generatePugMarkup","line":92,"loc":{"start":{"line":92,"column":0},"end":{"line":92,"column":42}}},"11":{"name":"convertToPug","line":110,"loc":{"start":{"line":110,"column":2},"end":{"line":110,"column":33}}},"12":{"name":"generateSectionWrapperMarkup","line":144,"loc":{"start":{"line":144,"column":0},"end":{"line":144,"column":44}}},"13":{"name":"replaceSectionReferences","line":148,"loc":{"start":{"line":148,"column":0},"end":{"line":148,"column":40}}},"14":{"name":"copyUsedOptionsToJsonConfig","line":152,"loc":{"start":{"line":152,"column":0},"end":{"line":152,"column":48}}},"15":{"name":"(anonymous_15)","line":155,"loc":{"start":{"line":155,"column":15},"end":{"line":155,"column":30}}},"16":{"name":"copyUsedOptionsToInlineJsonConfig","line":161,"loc":{"start":{"line":161,"column":0},"end":{"line":161,"column":54}}},"17":{"name":"(anonymous_17)","line":164,"loc":{"start":{"line":164,"column":15},"end":{"line":164,"column":30}}},"18":{"name":"addFileHashesAndReplaceAbsolutePaths","line":170,"loc":{"start":{"line":170,"column":0},"end":{"line":170,"column":52}}},"19":{"name":"(anonymous_19)","line":176,"loc":{"start":{"line":176,"column":27},"end":{"line":176,"column":46}}},"20":{"name":"(anonymous_20)","line":183,"loc":{"start":{"line":183,"column":26},"end":{"line":183,"column":44}}},"21":{"name":"basenameOf","line":190,"loc":{"start":{"line":190,"column":0},"end":{"line":190,"column":23}}},"22":{"name":"appendUsedVariablesToEachBlock","line":194,"loc":{"start":{"line":194,"column":0},"end":{"line":194,"column":57}}},"23":{"name":"(anonymous_23)","line":196,"loc":{"start":{"line":196,"column":30},"end":{"line":196,"column":48}}},"24":{"name":"(anonymous_24)","line":208,"loc":{"start":{"line":208,"column":68},"end":{"line":208,"column":86}}},"25":{"name":"filterFiles","line":218,"loc":{"start":{"line":218,"column":0},"end":{"line":218,"column":36}}},"26":{"name":"(anonymous_26)","line":220,"loc":{"start":{"line":220,"column":29},"end":{"line":220,"column":48}}},"27":{"name":"(anonymous_27)","line":228,"loc":{"start":{"line":228,"column":26},"end":{"line":228,"column":44}}},"28":{"name":"bufferFileContents","line":244,"loc":{"start":{"line":244,"column":2},"end":{"line":244,"column":47}}},"29":{"name":"(anonymous_29)","line":270,"loc":{"start":{"line":270,"column":50},"end":{"line":270,"column":69}}},"30":{"name":"(anonymous_30)","line":283,"loc":{"start":{"line":283,"column":61},"end":{"line":283,"column":91}}},"31":{"name":"pushAllFiles","line":290,"loc":{"start":{"line":290,"column":8},"end":{"line":290,"column":32}}},"32":{"name":"(anonymous_32)","line":291,"loc":{"start":{"line":291,"column":29},"end":{"line":291,"column":53}}},"33":{"name":"processOverviewMarkdown","line":297,"loc":{"start":{"line":297,"column":8},"end":{"line":297,"column":46}}},"34":{"name":"(anonymous_34)","line":298,"loc":{"start":{"line":298,"column":27},"end":{"line":298,"column":45}}},"35":{"name":"(anonymous_35)","line":303,"loc":{"start":{"line":303,"column":27},"end":{"line":303,"column":42}}},"36":{"name":"(anonymous_36)","line":314,"loc":{"start":{"line":314,"column":37},"end":{"line":314,"column":57}}},"37":{"name":"(anonymous_37)","line":338,"loc":{"start":{"line":338,"column":32},"end":{"line":338,"column":50}}},"38":{"name":"(anonymous_38)","line":342,"loc":{"start":{"line":342,"column":46},"end":{"line":342,"column":60}}},"39":{"name":"(anonymous_39)","line":352,"loc":{"start":{"line":352,"column":28},"end":{"line":352,"column":46}}},"40":{"name":"(anonymous_40)","line":365,"loc":{"start":{"line":365,"column":35},"end":{"line":365,"column":53}}},"41":{"name":"(anonymous_41)","line":393,"loc":{"start":{"line":393,"column":42},"end":{"line":393,"column":76}}},"42":{"name":"(anonymous_42)","line":401,"loc":{"start":{"line":401,"column":39},"end":{"line":401,"column":57}}},"43":{"name":"(anonymous_43)","line":422,"loc":{"start":{"line":422,"column":16},"end":{"line":422,"column":27}}},"44":{"name":"(anonymous_44)","line":429,"loc":{"start":{"line":429,"column":17},"end":{"line":429,"column":33}}},"45":{"name":"(anonymous_45)","line":434,"loc":{"start":{"line":434,"column":15},"end":{"line":434,"column":31}}},"46":{"name":"(anonymous_46)","line":440,"loc":{"start":{"line":440,"column":55},"end":{"line":440,"column":66}}},"47":{"name":"(anonymous_47)","line":447,"loc":{"start":{"line":447,"column":29},"end":{"line":447,"column":40}}},"48":{"name":"bufferFileContents","line":455,"loc":{"start":{"line":455,"column":2},"end":{"line":455,"column":47}}},"49":{"name":"(anonymous_49)","line":475,"loc":{"start":{"line":475,"column":36},"end":{"line":475,"column":54}}},"50":{"name":"(anonymous_50)","line":483,"loc":{"start":{"line":483,"column":31},"end":{"line":483,"column":49}}},"51":{"name":"(anonymous_51)","line":490,"loc":{"start":{"line":490,"column":54},"end":{"line":490,"column":65}}},"52":{"name":"(anonymous_52)","line":495,"loc":{"start":{"line":495,"column":50},"end":{"line":495,"column":63}}},"53":{"name":"(anonymous_53)","line":512,"loc":{"start":{"line":512,"column":15},"end":{"line":512,"column":26}}},"54":{"name":"(anonymous_54)","line":521,"loc":{"start":{"line":521,"column":24},"end":{"line":521,"column":42}}},"55":{"name":"startServer","line":525,"loc":{"start":{"line":525,"column":0},"end":{"line":525,"column":30}}},"56":{"name":"(anonymous_56)","line":534,"loc":{"start":{"line":534,"column":77},"end":{"line":534,"column":88}}},"57":{"name":"(anonymous_57)","line":536,"loc":{"start":{"line":536,"column":19},"end":{"line":536,"column":35}}}},"statementMap":{"1":{"start":{"line":13,"column":0},"end":{"line":44,"column":43}},"2":{"start":{"line":46,"column":0},"end":{"line":48,"column":1}},"3":{"start":{"line":47,"column":2},"end":{"line":47,"column":61}},"4":{"start":{"line":50,"column":0},"end":{"line":54,"column":1}},"5":{"start":{"line":51,"column":2},"end":{"line":53,"column":3}},"6":{"start":{"line":52,"column":4},"end":{"line":52,"column":58}},"7":{"start":{"line":56,"column":0},"end":{"line":60,"column":1}},"8":{"start":{"line":57,"column":2},"end":{"line":59,"column":3}},"9":{"start":{"line":58,"column":4},"end":{"line":58,"column":56}},"10":{"start":{"line":62,"column":0},"end":{"line":66,"column":1}},"11":{"start":{"line":63,"column":2},"end":{"line":65,"column":3}},"12":{"start":{"line":64,"column":4},"end":{"line":64,"column":62}},"13":{"start":{"line":68,"column":0},"end":{"line":72,"column":1}},"14":{"start":{"line":69,"column":2},"end":{"line":71,"column":3}},"15":{"start":{"line":70,"column":4},"end":{"line":70,"column":59}},"16":{"start":{"line":74,"column":0},"end":{"line":90,"column":1}},"17":{"start":{"line":76,"column":2},"end":{"line":78,"column":5}},"18":{"start":{"line":77,"column":4},"end":{"line":77,"column":23}},"19":{"start":{"line":81,"column":2},"end":{"line":89,"column":5}},"20":{"start":{"line":82,"column":4},"end":{"line":84,"column":12}},"21":{"start":{"line":83,"column":6},"end":{"line":83,"column":46}},"22":{"start":{"line":85,"column":4},"end":{"line":88,"column":6}},"23":{"start":{"line":92,"column":0},"end":{"line":142,"column":1}},"24":{"start":{"line":93,"column":2},"end":{"line":93,"column":77}},"25":{"start":{"line":95,"column":2},"end":{"line":95,"column":48}},"26":{"start":{"line":96,"column":2},"end":{"line":96,"column":48}},"27":{"start":{"line":99,"column":2},"end":{"line":105,"column":8}},"28":{"start":{"line":107,"column":2},"end":{"line":107,"column":38}},"29":{"start":{"line":109,"column":2},"end":{"line":109,"column":16}},"30":{"start":{"line":110,"column":2},"end":{"line":141,"column":3}},"31":{"start":{"line":111,"column":4},"end":{"line":111,"column":33}},"32":{"start":{"line":113,"column":4},"end":{"line":113,"column":36}},"33":{"start":{"line":113,"column":27},"end":{"line":113,"column":34}},"34":{"start":{"line":114,"column":4},"end":{"line":114,"column":59}},"35":{"start":{"line":114,"column":50},"end":{"line":114,"column":57}},"36":{"start":{"line":116,"column":4},"end":{"line":116,"column":39}},"37":{"start":{"line":118,"column":4},"end":{"line":123,"column":5}},"38":{"start":{"line":119,"column":6},"end":{"line":119,"column":36}},"39":{"start":{"line":120,"column":6},"end":{"line":120,"column":35}},"40":{"start":{"line":122,"column":6},"end":{"line":122,"column":50}},"41":{"start":{"line":125,"column":4},"end":{"line":125,"column":46}},"42":{"start":{"line":126,"column":4},"end":{"line":126,"column":67}},"43":{"start":{"line":128,"column":4},"end":{"line":136,"column":5}},"44":{"start":{"line":129,"column":6},"end":{"line":129,"column":56}},"45":{"start":{"line":131,"column":6},"end":{"line":131,"column":57}},"46":{"start":{"line":132,"column":6},"end":{"line":135,"column":9}},"47":{"start":{"line":138,"column":4},"end":{"line":140,"column":5}},"48":{"start":{"line":139,"column":6},"end":{"line":139,"column":46}},"49":{"start":{"line":144,"column":0},"end":{"line":146,"column":1}},"50":{"start":{"line":145,"column":2},"end":{"line":145,"column":75}},"51":{"start":{"line":148,"column":0},"end":{"line":150,"column":1}},"52":{"start":{"line":149,"column":2},"end":{"line":149,"column":59}},"53":{"start":{"line":152,"column":0},"end":{"line":159,"column":1}},"54":{"start":{"line":153,"column":2},"end":{"line":153,"column":254}},"55":{"start":{"line":154,"column":2},"end":{"line":154,"column":19}},"56":{"start":{"line":155,"column":2},"end":{"line":157,"column":5}},"57":{"start":{"line":156,"column":4},"end":{"line":156,"column":47}},"58":{"start":{"line":158,"column":2},"end":{"line":158,"column":14}},"59":{"start":{"line":161,"column":0},"end":{"line":168,"column":1}},"60":{"start":{"line":162,"column":2},"end":{"line":162,"column":175}},"61":{"start":{"line":163,"column":2},"end":{"line":163,"column":19}},"62":{"start":{"line":164,"column":2},"end":{"line":166,"column":5}},"63":{"start":{"line":165,"column":4},"end":{"line":165,"column":47}},"64":{"start":{"line":167,"column":2},"end":{"line":167,"column":14}},"65":{"start":{"line":170,"column":0},"end":{"line":188,"column":1}},"66":{"start":{"line":171,"column":2},"end":{"line":173,"column":3}},"67":{"start":{"line":172,"column":4},"end":{"line":172,"column":11}},"68":{"start":{"line":175,"column":2},"end":{"line":180,"column":3}},"69":{"start":{"line":176,"column":4},"end":{"line":179,"column":7}},"70":{"start":{"line":177,"column":6},"end":{"line":177,"column":52}},"71":{"start":{"line":178,"column":6},"end":{"line":178,"column":48}},"72":{"start":{"line":182,"column":2},"end":{"line":187,"column":3}},"73":{"start":{"line":183,"column":4},"end":{"line":186,"column":7}},"74":{"start":{"line":184,"column":6},"end":{"line":184,"column":50}},"75":{"start":{"line":185,"column":6},"end":{"line":185,"column":46}},"76":{"start":{"line":190,"column":0},"end":{"line":192,"column":1}},"77":{"start":{"line":191,"column":2},"end":{"line":191,"column":26}},"78":{"start":{"line":194,"column":0},"end":{"line":216,"column":1}},"79":{"start":{"line":196,"column":2},"end":{"line":215,"column":5}},"80":{"start":{"line":199,"column":4},"end":{"line":206,"column":5}},"81":{"start":{"line":200,"column":6},"end":{"line":202,"column":7}},"82":{"start":{"line":201,"column":8},"end":{"line":201,"column":91}},"83":{"start":{"line":204,"column":6},"end":{"line":204,"column":92}},"84":{"start":{"line":205,"column":6},"end":{"line":205,"column":34}},"85":{"start":{"line":208,"column":4},"end":{"line":213,"column":7}},"86":{"start":{"line":209,"column":6},"end":{"line":212,"column":7}},"87":{"start":{"line":210,"column":8},"end":{"line":210,"column":52}},"88":{"start":{"line":211,"column":8},"end":{"line":211,"column":40}},"89":{"start":{"line":214,"column":4},"end":{"line":214,"column":19}},"90":{"start":{"line":218,"column":0},"end":{"line":226,"column":1}},"91":{"start":{"line":219,"column":2},"end":{"line":219,"column":20}},"92":{"start":{"line":220,"column":2},"end":{"line":224,"column":5}},"93":{"start":{"line":221,"column":4},"end":{"line":223,"column":5}},"94":{"start":{"line":222,"column":6},"end":{"line":222,"column":43}},"95":{"start":{"line":225,"column":2},"end":{"line":225,"column":18}},"96":{"start":{"line":228,"column":0},"end":{"line":443,"column":2}},"97":{"start":{"line":229,"column":2},"end":{"line":241,"column":6}},"98":{"start":{"line":242,"column":2},"end":{"line":242,"column":18}},"99":{"start":{"line":244,"column":2},"end":{"line":265,"column":3}},"100":{"start":{"line":245,"column":4},"end":{"line":247,"column":5}},"101":{"start":{"line":246,"column":6},"end":{"line":246,"column":13}},"102":{"start":{"line":248,"column":4},"end":{"line":250,"column":5}},"103":{"start":{"line":249,"column":6},"end":{"line":249,"column":67}},"104":{"start":{"line":253,"column":4},"end":{"line":258,"column":5}},"105":{"start":{"line":254,"column":6},"end":{"line":254,"column":62}},"106":{"start":{"line":255,"column":6},"end":{"line":255,"column":74}},"107":{"start":{"line":256,"column":6},"end":{"line":256,"column":35}},"108":{"start":{"line":257,"column":6},"end":{"line":257,"column":35}},"109":{"start":{"line":262,"column":4},"end":{"line":262,"column":20}},"110":{"start":{"line":264,"column":4},"end":{"line":264,"column":11}},"111":{"start":{"line":267,"column":2},"end":{"line":267,"column":22}},"112":{"start":{"line":270,"column":2},"end":{"line":442,"column":5}},"113":{"start":{"line":271,"column":6},"end":{"line":281,"column":102}},"114":{"start":{"line":283,"column":6},"end":{"line":438,"column":9}},"115":{"start":{"line":284,"column":8},"end":{"line":284,"column":39}},"116":{"start":{"line":285,"column":8},"end":{"line":285,"column":41}},"117":{"start":{"line":288,"column":8},"end":{"line":288,"column":70}},"118":{"start":{"line":290,"column":8},"end":{"line":295,"column":9}},"119":{"start":{"line":291,"column":10},"end":{"line":294,"column":13}},"120":{"start":{"line":292,"column":12},"end":{"line":292,"column":29}},"121":{"start":{"line":293,"column":12},"end":{"line":293,"column":17}},"122":{"start":{"line":297,"column":8},"end":{"line":310,"column":9}},"123":{"start":{"line":298,"column":10},"end":{"line":309,"column":13}},"124":{"start":{"line":299,"column":12},"end":{"line":301,"column":13}},"125":{"start":{"line":300,"column":14},"end":{"line":300,"column":24}},"126":{"start":{"line":302,"column":12},"end":{"line":308,"column":37}},"127":{"start":{"line":304,"column":16},"end":{"line":304,"column":43}},"128":{"start":{"line":305,"column":16},"end":{"line":305,"column":39}},"129":{"start":{"line":312,"column":8},"end":{"line":312,"column":68}},"130":{"start":{"line":314,"column":8},"end":{"line":316,"column":11}},"131":{"start":{"line":315,"column":10},"end":{"line":315,"column":32}},"132":{"start":{"line":318,"column":8},"end":{"line":318,"column":53}},"133":{"start":{"line":319,"column":8},"end":{"line":319,"column":56}},"134":{"start":{"line":320,"column":8},"end":{"line":320,"column":57}},"135":{"start":{"line":323,"column":8},"end":{"line":326,"column":12}},"136":{"start":{"line":328,"column":8},"end":{"line":332,"column":29}},"137":{"start":{"line":334,"column":8},"end":{"line":334,"column":57}},"138":{"start":{"line":335,"column":8},"end":{"line":335,"column":110}},"139":{"start":{"line":338,"column":8},"end":{"line":349,"column":11}},"140":{"start":{"line":340,"column":10},"end":{"line":340,"column":75}},"141":{"start":{"line":342,"column":10},"end":{"line":344,"column":14}},"142":{"start":{"line":343,"column":12},"end":{"line":343,"column":30}},"143":{"start":{"line":346,"column":10},"end":{"line":348,"column":35}},"144":{"start":{"line":352,"column":8},"end":{"line":362,"column":11}},"145":{"start":{"line":354,"column":10},"end":{"line":360,"column":11}},"146":{"start":{"line":355,"column":12},"end":{"line":359,"column":13}},"147":{"start":{"line":356,"column":14},"end":{"line":356,"column":77}},"148":{"start":{"line":358,"column":14},"end":{"line":358,"column":115}},"149":{"start":{"line":361,"column":10},"end":{"line":361,"column":20}},"150":{"start":{"line":365,"column":8},"end":{"line":398,"column":11}},"151":{"start":{"line":368,"column":10},"end":{"line":376,"column":11}},"152":{"start":{"line":369,"column":12},"end":{"line":375,"column":13}},"153":{"start":{"line":370,"column":14},"end":{"line":370,"column":96}},"154":{"start":{"line":374,"column":14},"end":{"line":374,"column":119}},"155":{"start":{"line":377,"column":10},"end":{"line":397,"column":35}},"156":{"start":{"line":394,"column":14},"end":{"line":394,"column":69}},"157":{"start":{"line":401,"column":8},"end":{"line":419,"column":11}},"158":{"start":{"line":402,"column":10},"end":{"line":418,"column":35}},"159":{"start":{"line":421,"column":8},"end":{"line":433,"column":29}},"160":{"start":{"line":423,"column":12},"end":{"line":426,"column":13}},"161":{"start":{"line":424,"column":14},"end":{"line":424,"column":42}},"162":{"start":{"line":425,"column":14},"end":{"line":425,"column":31}},"163":{"start":{"line":427,"column":12},"end":{"line":427,"column":33}},"164":{"start":{"line":430,"column":12},"end":{"line":430,"column":56}},"165":{"start":{"line":431,"column":12},"end":{"line":431,"column":36}},"166":{"start":{"line":435,"column":8},"end":{"line":435,"column":52}},"167":{"start":{"line":436,"column":8},"end":{"line":436,"column":32}},"168":{"start":{"line":437,"column":8},"end":{"line":437,"column":19}},"169":{"start":{"line":441,"column":4},"end":{"line":441,"column":22}},"170":{"start":{"line":447,"column":0},"end":{"line":517,"column":2}},"171":{"start":{"line":448,"column":2},"end":{"line":453,"column":23}},"172":{"start":{"line":455,"column":2},"end":{"line":493,"column":3}},"173":{"start":{"line":456,"column":4},"end":{"line":457,"column":21}},"174":{"start":{"line":461,"column":4},"end":{"line":461,"column":20}},"175":{"start":{"line":466,"column":4},"end":{"line":469,"column":5}},"176":{"start":{"line":467,"column":6},"end":{"line":467,"column":13}},"177":{"start":{"line":468,"column":6},"end":{"line":468,"column":13}},"178":{"start":{"line":472,"column":4},"end":{"line":472,"column":45}},"179":{"start":{"line":475,"column":4},"end":{"line":480,"column":7}},"180":{"start":{"line":476,"column":6},"end":{"line":478,"column":9}},"181":{"start":{"line":479,"column":6},"end":{"line":479,"column":16}},"182":{"start":{"line":483,"column":4},"end":{"line":488,"column":7}},"183":{"start":{"line":484,"column":6},"end":{"line":486,"column":9}},"184":{"start":{"line":487,"column":6},"end":{"line":487,"column":16}},"185":{"start":{"line":490,"column":4},"end":{"line":492,"column":7}},"186":{"start":{"line":491,"column":6},"end":{"line":491,"column":13}},"187":{"start":{"line":495,"column":2},"end":{"line":516,"column":5}},"188":{"start":{"line":496,"column":4},"end":{"line":499,"column":8}},"189":{"start":{"line":501,"column":4},"end":{"line":504,"column":8}},"190":{"start":{"line":506,"column":4},"end":{"line":509,"column":8}},"191":{"start":{"line":511,"column":4},"end":{"line":511,"column":9}},"192":{"start":{"line":513,"column":4},"end":{"line":515,"column":5}},"193":{"start":{"line":514,"column":6},"end":{"line":514,"column":60}},"194":{"start":{"line":521,"column":0},"end":{"line":523,"column":2}},"195":{"start":{"line":522,"column":2},"end":{"line":522,"column":30}},"196":{"start":{"line":525,"column":0},"end":{"line":544,"column":1}},"197":{"start":{"line":527,"column":2},"end":{"line":529,"column":3}},"198":{"start":{"line":528,"column":4},"end":{"line":528,"column":24}},"199":{"start":{"line":530,"column":2},"end":{"line":542,"column":3}},"200":{"start":{"line":531,"column":4},"end":{"line":531,"column":28}},"201":{"start":{"line":532,"column":4},"end":{"line":532,"column":45}},"202":{"start":{"line":533,"column":4},"end":{"line":533,"column":47}},"203":{"start":{"line":534,"column":4},"end":{"line":541,"column":7}},"204":{"start":{"line":535,"column":6},"end":{"line":535,"column":100}},"205":{"start":{"line":537,"column":6},"end":{"line":540,"column":7}},"206":{"start":{"line":538,"column":8},"end":{"line":538,"column":62}},"207":{"start":{"line":539,"column":8},"end":{"line":539,"column":65}},"208":{"start":{"line":543,"column":2},"end":{"line":543,"column":38}},"209":{"start":{"line":546,"column":0},"end":{"line":546,"column":39}}},"branchMap":{"1":{"line":47,"type":"binary-expr","locations":[{"start":{"line":47,"column":9},"end":{"line":47,"column":23}},{"start":{"line":47,"column":27},"end":{"line":47,"column":60}}]},"2":{"line":51,"type":"if","locations":[{"start":{"line":51,"column":2},"end":{"line":51,"column":2}},{"start":{"line":51,"column":2},"end":{"line":51,"column":2}}]},"3":{"line":57,"type":"if","locations":[{"start":{"line":57,"column":2},"end":{"line":57,"column":2}},{"start":{"line":57,"column":2},"end":{"line":57,"column":2}}]},"4":{"line":63,"type":"if","locations":[{"start":{"line":63,"column":2},"end":{"line":63,"column":2}},{"start":{"line":63,"column":2},"end":{"line":63,"column":2}}]},"5":{"line":69,"type":"if","locations":[{"start":{"line":69,"column":2},"end":{"line":69,"column":2}},{"start":{"line":69,"column":2},"end":{"line":69,"column":2}}]},"6":{"line":113,"type":"if","locations":[{"start":{"line":113,"column":4},"end":{"line":113,"column":4}},{"start":{"line":113,"column":4},"end":{"line":113,"column":4}}]},"7":{"line":114,"type":"if","locations":[{"start":{"line":114,"column":4},"end":{"line":114,"column":4}},{"start":{"line":114,"column":4},"end":{"line":114,"column":4}}]},"8":{"line":118,"type":"if","locations":[{"start":{"line":118,"column":4},"end":{"line":118,"column":4}},{"start":{"line":118,"column":4},"end":{"line":118,"column":4}}]},"9":{"line":128,"type":"if","locations":[{"start":{"line":128,"column":4},"end":{"line":128,"column":4}},{"start":{"line":128,"column":4},"end":{"line":128,"column":4}}]},"10":{"line":128,"type":"binary-expr","locations":[{"start":{"line":128,"column":8},"end":{"line":128,"column":34}},{"start":{"line":128,"column":38},"end":{"line":128,"column":76}}]},"11":{"line":138,"type":"if","locations":[{"start":{"line":138,"column":4},"end":{"line":138,"column":4}},{"start":{"line":138,"column":4},"end":{"line":138,"column":4}}]},"12":{"line":171,"type":"if","locations":[{"start":{"line":171,"column":2},"end":{"line":171,"column":2}},{"start":{"line":171,"column":2},"end":{"line":171,"column":2}}]},"13":{"line":175,"type":"if","locations":[{"start":{"line":175,"column":2},"end":{"line":175,"column":2}},{"start":{"line":175,"column":2},"end":{"line":175,"column":2}}]},"14":{"line":182,"type":"if","locations":[{"start":{"line":182,"column":2},"end":{"line":182,"column":2}},{"start":{"line":182,"column":2},"end":{"line":182,"column":2}}]},"15":{"line":200,"type":"if","locations":[{"start":{"line":200,"column":6},"end":{"line":200,"column":6}},{"start":{"line":200,"column":6},"end":{"line":200,"column":6}}]},"16":{"line":209,"type":"if","locations":[{"start":{"line":209,"column":6},"end":{"line":209,"column":6}},{"start":{"line":209,"column":6},"end":{"line":209,"column":6}}]},"17":{"line":209,"type":"binary-expr","locations":[{"start":{"line":209,"column":10},"end":{"line":209,"column":28}},{"start":{"line":209,"column":32},"end":{"line":209,"column":73}}]},"18":{"line":210,"type":"binary-expr","locations":[{"start":{"line":210,"column":28},"end":{"line":210,"column":45}},{"start":{"line":210,"column":49},"end":{"line":210,"column":51}}]},"19":{"line":221,"type":"if","locations":[{"start":{"line":221,"column":4},"end":{"line":221,"column":4}},{"start":{"line":221,"column":4},"end":{"line":221,"column":4}}]},"20":{"line":245,"type":"if","locations":[{"start":{"line":245,"column":4},"end":{"line":245,"column":4}},{"start":{"line":245,"column":4},"end":{"line":245,"column":4}}]},"21":{"line":248,"type":"if","locations":[{"start":{"line":248,"column":4},"end":{"line":248,"column":4}},{"start":{"line":248,"column":4},"end":{"line":248,"column":4}}]},"22":{"line":253,"type":"if","locations":[{"start":{"line":253,"column":4},"end":{"line":253,"column":4}},{"start":{"line":253,"column":4},"end":{"line":253,"column":4}}]},"23":{"line":279,"type":"cond-expr","locations":[{"start":{"line":279,"column":45},"end":{"line":279,"column":97}},{"start":{"line":279,"column":100},"end":{"line":279,"column":111}}]},"24":{"line":299,"type":"if","locations":[{"start":{"line":299,"column":12},"end":{"line":299,"column":12}},{"start":{"line":299,"column":12},"end":{"line":299,"column":12}}]},"25":{"line":312,"type":"binary-expr","locations":[{"start":{"line":312,"column":8},"end":{"line":312,"column":25}},{"start":{"line":312,"column":29},"end":{"line":312,"column":67}}]},"26":{"line":354,"type":"if","locations":[{"start":{"line":354,"column":10},"end":{"line":354,"column":10}},{"start":{"line":354,"column":10},"end":{"line":354,"column":10}}]},"27":{"line":368,"type":"if","locations":[{"start":{"line":368,"column":10},"end":{"line":368,"column":10}},{"start":{"line":368,"column":10},"end":{"line":368,"column":10}}]},"28":{"line":423,"type":"if","locations":[{"start":{"line":423,"column":12},"end":{"line":423,"column":12}},{"start":{"line":423,"column":12},"end":{"line":423,"column":12}}]},"29":{"line":430,"type":"binary-expr","locations":[{"start":{"line":430,"column":26},"end":{"line":430,"column":37}},{"start":{"line":430,"column":41},"end":{"line":430,"column":54}}]},"30":{"line":435,"type":"binary-expr","locations":[{"start":{"line":435,"column":22},"end":{"line":435,"column":33}},{"start":{"line":435,"column":37},"end":{"line":435,"column":50}}]},"31":{"line":466,"type":"if","locations":[{"start":{"line":466,"column":4},"end":{"line":466,"column":4}},{"start":{"line":466,"column":4},"end":{"line":466,"column":4}}]},"32":{"line":513,"type":"if","locations":[{"start":{"line":513,"column":4},"end":{"line":513,"column":4}},{"start":{"line":513,"column":4},"end":{"line":513,"column":4}}]},"33":{"line":527,"type":"if","locations":[{"start":{"line":527,"column":2},"end":{"line":527,"column":2}},{"start":{"line":527,"column":2},"end":{"line":527,"column":2}}]},"34":{"line":530,"type":"if","locations":[{"start":{"line":530,"column":2},"end":{"line":530,"column":2}},{"start":{"line":530,"column":2},"end":{"line":530,"column":2}}]},"35":{"line":537,"type":"if","locations":[{"start":{"line":537,"column":6},"end":{"line":537,"column":6}},{"start":{"line":537,"column":6},"end":{"line":537,"column":6}}]}},"code":["/***","*","* styleguide.js","*","* Parses CSS/LESS/SASS files with KSS notation and generates a styleguide","*","* Heavily influenced by node-kss and gulp-kss projects","*","***/","","'use strict';","","var path = require('path'),","  pug = require('pug'),","  through = require('through2'),","  gulp = require('gulp'),","  rename = require('gulp-rename'),","  mustache = require('gulp-mustache'),","  postcss = require('gulp-postcss'),","  replace = require('gulp-replace'),","  minimatch = require('minimatch'),","  fs = require('fs-extra'),","  File = require('vinyl'),","  LocalCache = require('node-localcache'),","  crypto = require('crypto'),","  Q = require('q'),","  _ = require('lodash'),","  markdown = require('./modules/markdown'),","  atRules = require('./modules/at-rules'),","  variableParser = requir
[...]
ocations":[{"start":{"line":18,"column":12},"end":{"line":18,"column":21}},{"start":{"line":18,"column":25},"end":{"line":18,"column":31}}]},"2":{"line":19,"type":"binary-expr","locations":[{"start":{"line":19,"column":13},"end":{"line":19,"column":23}},{"start":{"line":19,"column":27},"end":{"line":19,"column":33}}]},"3":{"line":22,"type":"binary-expr","locations":[{"start":{"line":22,"column":16},"end":{"line":22,"column":23}},{"start":{"line":22,"column":27},"end":{"line":22,"column":42}},{"start":{"line":22,"column":46},"end":{"line":22,"column":57}}]},"4":{"line":26,"type":"if","locations":[{"start":{"line":26,"column":2},"end":{"line":26,"column":2}},{"start":{"line":26,"column":2},"end":{"line":26,"column":2}}]},"5":{"line":32,"type":"if","locations":[{"start":{"line":32,"column":2},"end":{"line":32,"column":2}},{"start":{"line":32,"column":2},"end":{"line":32,"column":2}}]},"6":{"line":53,"type":"if","locations":[{"start":{"line":53,"column":6},"end":{"line":53,"column":6}},{"start":{"line":53,"column":6},"end":{"line":53,"column":6}}]},"7":{"line":57,"type":"if","locations":[{"start":{"line":57,"column":6},"end":{"line":57,"column":6}},{"start":{"line":57,"column":6},"end":{"line":57,"column":6}}]},"8":{"line":96,"type":"binary-expr","locations":[{"start":{"line":96,"column":20},"end":{"line":96,"column":33}},{"start":{"line":96,"column":37},"end":{"line":96,"column":61}}]},"9":{"line":99,"type":"binary-expr","locations":[{"start":{"line":99,"column":4},"end":{"line":99,"column":17}},{"start":{"line":99,"column":21},"end":{"line":103,"column":6}}]},"10":{"line":100,"type":"if","locations":[{"start":{"line":100,"column":6},"end":{"line":100,"column":6}},{"start":{"line":100,"column":6},"end":{"line":100,"column":6}}]},"11":{"line":117,"type":"if","locations":[{"start":{"line":117,"column":4},"end":{"line":117,"column":4}},{"start":{"line":117,"column":4},"end":{"line":117,"column":4}}]},"12":{"line":126,"type":"if","locations":[{"start":{"line":126,"column":6},"end":{"line":126,"column":6}},{"start":{"line":126,"column":6},"end":{"line":126,"column":6}}]},"13":{"line":132,"type":"if","locations":[{"start":{"line":132,"column":6},"end":{"line":132,"column":6}},{"start":{"line":132,"column":6},"end":{"line":132,"column":6}}]},"14":{"line":140,"type":"if","locations":[{"start":{"line":140,"column":6},"end":{"line":140,"column":6}},{"start":{"line":140,"column":6},"end":{"line":140,"column":6}}]},"15":{"line":164,"type":"cond-expr","locations":[{"start":{"line":164,"column":26},"end":{"line":164,"column":41}},{"start":{"line":164,"column":44},"end":{"line":164,"column":55}}]},"16":{"line":169,"type":"if","locations":[{"start":{"line":169,"column":6},"end":{"line":169,"column":6}},{"start":{"line":169,"column":6},"end":{"line":169,"column":6}}]},"17":{"line":174,"type":"if","locations":[{"start":{"line":174,"column":6},"end":{"line":174,"column":6}},{"start":{"line":174,"column":6},"end":{"line":174,"column":6}}]},"18":{"line":185,"type":"if","locations":[{"start":{"line":185,"column":6},"end":{"line":185,"column":6}},{"start":{"line":185,"column":6},"end":{"line":185,"column":6}}]},"19":{"line":185,"type":"binary-expr","locations":[{"start":{"line":185,"column":10},"end":{"line":185,"column":45}},{"start":{"line":185,"column":49},"end":{"line":185,"column":94}}]},"20":{"line":213,"type":"if","locations":[{"start":{"line":213,"column":6},"end":{"line":213,"column":6}},{"start":{"line":213,"column":6},"end":{"line":213,"column":6}}]},"21":{"line":220,"type":"if","locations":[{"start":{"line":220,"column":8},"end":{"line":220,"column":8}},{"start":{"line":220,"column":8},"end":{"line":220,"column":8}}]},"22":{"line":220,"type":"binary-expr","locations":[{"start":{"line":220,"column":12},"end":{"line":220,"column":39}},{"start":{"line":220,"column":43},"end":{"line":220,"column":71}}]},"23":{"line":224,"type":"if","locations":[{"start":{"line":224,"column":8},"end":{"line":224,"column":8}},{"start":{"line":224,"column":8},"end":{"line":224,"column":8}}]},"24":{"line":224,"type":"binary-expr","locations":[{"start":{"line":224,"column":12},"end":{"line":224,"column":40}},{"start":{"line":224,"column":44},"end":{"line":224,"column":72}}]},"25":{"line":244,"type":"cond-expr","locations":[{"start":{"line":244,"column":42},"end":{"line":246,"column":17}},{"start":{"line":246,"column":20},"end":{"line":246,"column":44}}]}},"code":["var through = require('through2'),","  path = require('path'),","  gutil = require('gulp-util'),","  File = require('vinyl'),","  minimist = require('minimist'),","","  kssSplitter = require('../kss-splitter');","","module.exports = function(options) {","  var throughOpts = {","      objectMode: true,","      allowHalfOpen: false","    };","","  // Parameters","  var args = minimist(process.argv.slice(2)),","    params = {","      name: args.name || args.n,","      order: args.order || args.o","    };","","  var parsers = options && options.parsers || 'undefined';","","  // Validate params","","  if (!params.name) {","    gutil.beep();","    gutil.log(gutil.colors.red('Define name with --name=my-name'));","    return;","  }","","  if (!params.order) {","    gutil.beep();","    gutil.log(gutil.colors.red('Define name with --order=1.2.3'));","    return;","  }","","  params.order = params.order.toString();","","  var sectionRegExp = /(Styleguide )([0-9]+(\\.[0-9]+)*)/;","","  var allFiles = [];","","  var nearestSibling = null;","","  function isLess(left, right) {","    left = left.split('.');","    right = right.split('.');","","    var l = false;","","    for (var i = 0; i < Math.max(left.length, right.length); i++) {","      if (parseInt(left[i]) < parseInt(right[i])) {","        l = true;","        break;","      }","      if (parseInt(left[i]) > parseInt(right[i])) {","        l = false;","        break;","      }","    }","","    return l;","  }","","  function getFinalZeros(number) {","     var match = number.match(/^(\\d+(?:\\.\\d+)*?)((?:\\.0)*)$/);","     return {","       full: number,","       pure: match[1],","       zeros: match[2]","     };","  }","","  /*function isEqual(left, right) {","    var findZeros = /^(\\d+(?:\\.\\d+)*?)((?:\\.0)*)$/;","    // Remove ending zeros","    left = left.match(findZeros);","    if (left !== null) {","      left = left[1];","    } else {","      return false;","    }","    right = right.match(findZeros);","    if (right !== null) {","      right = right[1];","    } else {","      return false;","    }","","    return (left === right);","  }*/","","  function ifBelongsToParent(parentSection, section) {","    var belongs = true;","    parentSection = parentSection && parentSection.split('.');","    section = section.split('.');","","    parentSection && parentSection.forEach(function(val, n) {","      if (val !== section[n]) {","        belongs = false;","      }","    });","    return belongs;","  }","","  function increaseSection(section, newSection, diff) {","    // remove final zeros","    var normalizedSection = getFinalZeros(section);","    var normalizedSectionArray = normalizedSection.pure.split('.');","","    var normalizedNewSection = getFinalZeros(newSection);","    var normalizedNewSectionArray = normalizedNewSection.pure.split('.');","","    // Shold increase the same register as there are in new section","    var registerIndex = normalizedNewSectionArray.length - 1;","    if (normalizedSectionArray[registerIndex]) {","      normalizedSectionArray[registerIndex] = parseInt(normalizedSectionArray[registerIndex]) + diff;","    }","","    return normalizedSectionArray.join('.') + normalizedSection.zeros;","  }","","  function changeNumber(blocks, order, fileIndex) {","    return blocks.map(function(block){","      if (!block.kss) {","        return block;","      }","      var match = block.kss.match(sectionRegExp);","      var currentNumber = match[2];","","      if (isLess(currentNumber, order)) {","        return block;","      }","","      var parentSection = order.split('.');","      parentSection.pop();","      parentSection = parentSection.join('.');","","      if (!ifBelongsToParent(parentSection, currentNumber)) {","        return block;","      }","","      /*if (isEqual(parentSection, currentNumber)) {","        console.log('isEqual', parentSection, currentNumber);","        return block;","      }*/","","      var newVal = increaseSection(currentNumber, order, 1);","","      block.kss = block.kss.replace(sectionRegExp, '$1' + newVal);","      allFiles[fileIndex].modified = true;","","      return block;","    });","  }","","  function bufferFileContents(file, enc, done) {","","    this.push(file);","","    var contents = file.contents.toString(),","      syntax = path.extname(file.path).substring(1),","      parser = parsers  ? parsers[syntax] : 'undefined',","      blocks = kssSplitter.getBlocks(contents, syntax, parser);","","    // check if a block is nearest sibling;","    blocks.forEach(function(block, index) {","      if (!block.kss) {","        return;","      }","      var match = block.kss.match(sectionRegExp);","      var currentNumber = match[2];","      if (!nearestSibling) {","        nearestSibling = {","          number: currentNumber,","          file: file,","          blockIndex: index","        };","        return;","      }","","      // to become a nearestSibling currentNumber should be","      // less than newNumber but more than actual nearestSibling","      if (isLess(currentNumber, params.order) && !isLess(currentNumber, nearestSibling.number)) {","        nearestSibling = {","          number: currentNumber,","          file: file,","          blockIndex: index","        };","      }","    });","","    allFiles.push({","      file: file,","      blocks: blocks,","      syntax: syntax","    });","    done();","  }","","  return through(throughOpts, bufferFileContents, function(cb) {","","    // increment numbers","    allFiles.forEach(function(fileSource, k) {","      var blocks = changeNumber(fileSource.blocks, params.order, k);","      fileSource.blocks = blocks;","      allFiles[k] = fileSource;","    });","","    // add new section","    allFiles.forEach(function(fileSource, k) {","      if(fileSource.file.path === nearestSibling.file.path) {","","        var newContent = [","          params.name,","          '',","          'Styleguide ' + params.order","        ];","        if (fileSource.syntax === 'css' || fileSource.syntax === 'scss') {","          newContent.unshift('/*');","          newContent.push('*/');","        }","        if (fileSource.syntax === 'less' || fileSource.syntax === 'sass') {","          newContent = newContent.map(function(line){","            return '// ' + line;","          });","        }","","        fileSource.blocks.splice(nearestSibling.blockIndex + 1, 0, {","          kss: newContent.join('\\n') + '\\n\\n',","          code: ''","        });","        fileSource.modified = true;","        allFiles[k] = fileSource;","      }","    });","","    // write files back","    var stream = this;","","    allFiles.forEach(function(fileSource){","","      var content = fileSource.modified ? fileSource.blocks.map(function(block){","        return block.kss + block.code;","      }).join('') : fileSource.file.contents;","","      stream.push(new File({","        path: fileSource.file.relative,","        contents: new Buffer(content)","      }));","    });","","    cb();","  });","","};",""],"l":{"1":1,"9":1,"10":0,"16":0,"22":0,"26":0,"27":0,"28":0,"29":0,"32":0,"33":0,"34":0,"35":0,"38":0,"40":0,"42":0,"44":0,"46":1,"47":0,"48":0,"50":0,"52":0,"53":0,"54":0,"55":0,"57":0,"58":0,"59":0,"63":0,"66":1,"67":0,"68":0,"94":1,"95":0,"96":0,"97":0,"99":0,"100":0,"101":0,"104":0,"107":1,"109":0,"110":0,"112":0,"113":0,"116":0,"117":0,"118":0,"121":0,"124":1,"125":0,"126":0,"127":0,"129":0,"130":0,"132":0,"133":0,"136":0,"137":0,"138":0,"140":0,"141":0,"149":0,"151":0,"152":0,"154":0,"158":1,"160":0,"162":0,"168":0,"169":0,"170":0,"172":0,"173":0,"174":0,"175":0,"180":0,"185":0,"186":0,"194":0,"199":0,"202":0,"205":0,"206":0,"207":0,"208":0,"212":0,"213":0,"215":0,"220":0,"221":0,"222":0,"224":0,"225":0,"226":0,"230":0,"234":0,"235":0,"240":0,"242":0,"244":0,"245":0,"248":0,"254":0}},"/home/travis/build/npmtest/node-npmtest-sc5-styleguide/node_modules/sc5-styleguide/lib/server.js":{"path":"/home/travis/build/npmtest/node-npmtest-sc5-styleguide/node_modules/sc5-styleguide/lib/server.js","s":{"1":1,"2":0,"3":0,"4":0,"5":0,"6":0,"7":0,"8":0,"9":0,"10":0,"11":0,"12":0,"13":0,"14":0,"15":0,"16":0,"17":0,"18":0,"19":0,"20":0,"21":0},"b":{"1":[0,0],"2":[0,0]},"f":{"1":0,"2":0,"3":0},"fnMap":{"1":{"name":"(anonymous_1)","line":1,"loc":{"start":{"line":1,"column":17},"end":{"line":1,"column":35}}},"2":{"name":"(anonymous_2)","line":31,"loc":{"start":{"line":31,"column":16},"end":{"line":31,"column":35}}},"3":{"name":"(anonymous_3)","line":36,"loc":{"start":{"line":36,"column":10},"end":{"line":36,"column":35}}}},"statementMap":{"1":{"start":{"line":1,"column":0},"end":{"line":52,"column":2}},"2":{"start":{"line":2,"column":2},"end":{"line":11,"column":11}},"3":{"start":{"line":13,"column":2},"end":{"line":13,"column":18}},"4":{"start":{"line":16,"column":2},"end":{"line":18,"column":3}},"5":{"start":{"line":17,"column":4},"end":{"line":17,"column":27}},"6":{"start":{"line":19,"column":2},"end":{"line":19,"column":29}},"7":{"start":{"line":20,"column":2},"end":{"line":22,"column":6}},"8":{"start":{"line":23,"column":2},"end":{"line":23,"column":26}},"9":{"start":{"line":24,"column":2},"end":{"line":26,"column":3}},"10":{"start":{"line":25,"column":4},"end":{"line":25,"column":79}},"11":{"start":{"line":28,"column":2},"end":{"line":28,"column":44}},"12":{"start":{"line":31,"column":2},"end":{"line":33,"column":5}},"13":{"start":{"line":32,"column":4},"end":{"line":32,"column":65}},"14":{"start":{"line":36,"column":2},"end":{"line":40,"column":5}},"15":{"start":{"line":37,"column":4},"end":{"line":37,"column":37}},"16":{"start":{"line":38,"column":4},"end":{"line":38,"column":21}},"17":{"start":{"line":39,"column":4},"end":{"line":39,"column":14}},"18":{"start":{"line":43,"column":2},"end":{"line":43,"column":39}},"19":{"start":{"line":44,"column":2},"end":{"line":44,"column":40}},"20":{"start":{"line":45,"column":2},"end":{"line":45,"column":48}},"21":{"start":{"line":47,"column":2},"end":{"line":51,"column":4}}},"branchMap":{"1":{"line":16,"type":"if","locations":[{"start":{"line":16,"column":2},"end":{"line":16,"column":2}},{"start":{"line":16,"column":2},"end":{"line":16,"column":2}}]},"2":{"line":24,"type":"if","locations":[{"start":{"line":24,"column":2},"end":{"line":24,"column":2}},{"start":{"line":24,"column":2},"end":{"line":24,"column":2}}]}},"code":["module.exports = function(options) {","  var app,","    cookieParser = require('cookie-parser'),","    bodyParser = require('body-parser'),","    express = require('express'),","    logger = require('morgan'),","    path = require('path'),","    basicAuth = require('basic-auth-connect'),","    io,","    server,","    socket;","","  app = express();","","  //app.use(favicon(__dirname + '/public/favicon.ico'));","  if (!options.disableServerLog) {","    app.use(logger('dev'));","  }","  app.use(bodyParser.json());","  app.use(bodyParser.urlencoded({","    extended: true","  }));","  app.use(cookieParser());","  if (options.basicAuth) {","    app.use(basicAuth(options.basicAuth.username, options.basicAuth.password));","  }","","  app.use(express.static(options.rootPath));","","  // Let Angular handle all routing","  app.all('/*', function(req, res) {","    res.sendFile(path.resolve(options.rootPath + '/index.html'));","  });","","  // Catch 404 and forward to error handler","  app.use(function(req, res, next) {","    var err = new Error('Not Found');","    err.status = 404;","    next(err);","  });","","  // Setup socket.io","  server = require('http').Server(app);","  socket = require('socket.io')(server);","  io = require('./modules/io')(socket, options);","","  return {","    app: app,","    server: server,","    io: io","  };","};",""],"l":{"1":1,"2":0,"13":0,"16":0,"17":0,"19":0,"20":0,"23":0,"24":0,"25":0,"28":0,"31":0,"32":0,"36":0,"37":0,"38":0,"39":0,"43":0,"44":0,"45":0,"47":0}},"/home/travis/build/npmtest/node-npmtest-sc5-styleguide/node_modules/sc5-styleguide/demo-gulpfile.js":{"path":"/home/travis/build/npmtest/node-npmtest-sc5-styleguide/node_modules/sc5-styleguide/demo-gulpfile.js","s":{"1":1,"2":1,"3":0,"4":0,"5":1,"6":0,"7":1,"8":1,"9":0,"10":1,"11":0},"b":{},"f":{"1":0,"2":0,"3":0,"4":0,"5":0},"fnMap":{"1":{"name":"(anonymous_1)","line":8,"loc":{"start":{"line":8,"column":33},"end":{"line":8,"column":44}}},"2":{"name":"(anonymous_2)","line":20,"loc":{"start":{"line":20,"column":16},"end":{"line":20,"column":37}}},"3":{"name":"(anonymous_3)","line":28,"loc":{"start":{"line":28,"column":36},"end":{"line":28,"column":47}}},"4":{"name":"(anonymous_4)","line":50,"loc":{"start":{"line":50,"column":31},"end":{"line":50,"column":42}}},"5":{"name":"(anonymous_5)","line":55,"loc":{"start":{"line":55,"column":35},"end":{"line":55,"column":46}}}},"statementMap":{"1":{"start":{"line":1,"column":0},"end":{"line":6,"column":29}},"2":{"start":{"line":8,"column":0},"end":{"line":26,"column":3}},"3":{"start":{"line":9,"column":2},"end":{"line":25,"column":33}},"4":{"start":{"line":21,"column":16},"end":{"line":21,"column":129}},"5":{"start":{"line":28,"column":0},"end":{"line":46,"column":3}},"6":{"start":{"line":29,"column":2},"end":{"line":45,"column":33}},"7":{"start":{"line":48,"column":0},"end":{"line":48,"column":96}},"8":{"start":{"line":50,"column":0},"end":{"line":53,"column":3}},"9":{"start":{"line":51,"column":2},"end":{"line":52,"column":43}},"10":{"start":{"line":55,"column":0},"end":{"line":58,"column":3}},"11":{"start":{"line":57,"column":2},"end":{"line":57,"column":37}}},"branchMap":{},"code":["var gulp = require('gulp'),","  styleguide = require('./lib/styleguide'),","  postcss = require('gulp-postcss'),","  rename = require('gulp-rename'),","  source = 'lib/app/css/*.css',","  outputPath = 'demo-output';","","gulp.task('styleguide:generate', function() {","  return gulp.src(source)","    .pipe(styleguide.generate({","        title: 'SC5 Styleguide',","        server: true,","        rootPath: outputPath,","        overviewPath: 'README.md',","        styleVariables: 'lib/app/css/_styleguide_variables.css',","        parsers: {","          css: 'postcss'","        },","        styleguideProcessors: {","            40: function(styleguide) {","                styleguide.sections[0].description = styleguide.sections[0].description + ' [Description from custom Processor]';","            }","        }","      }))","    .pipe(gulp.dest(outputPath));","});","","gulp.task('styleguide:applystyles', function() {","  return gulp.src('lib/app/css/styleguide-app.css')","    .pipe(postcss([","      require('postcss-partial-import'),","      require('postcss-mixins'),","      require('gulp-cssnext'),","      require('postcss-advanced-variables'),","      require('postcss-conditionals'),","      require('postcss-color-function'),","      require('postcss-color-alpha'),","      require('postcss-nested'),","      require('postcss-custom-media'),","      require('autoprefixer'),","      require('postcss-inline-comment')","    ]))","    .pipe(rename('styleguide-app.css'))","    .pipe(styleguide.applyStyles())","    .pipe(gulp.dest(outputPath));","});","","gulp.task('styleguide', ['styleguide:static', 'styleguide:generate', 'styleguide:applystyles']);","","gulp.task('styleguide:static', function() {","  gulp.src(['lib/demo/**'])","    .pipe(gulp.dest(outputPath + '/demo'));","});","","gulp.task('watch', ['styleguide'], function() {","  // Start watching changes and update styleguide whenever changes are detected","  gulp.watch(source, ['styleguide']);","});",""],"l":{"1":1,"8":1,"9":0,"21":0,"28":1,"29":0,"48":1,"50":1,"51":0,"55":1,"57":0}}}